#
# There is insufficient memory for the Java Runtime Environment to continue.
# Native memory allocation (malloc) failed to allocate 729888 bytes for Chunk::new
# Possible reasons:
#   The system is out of physical RAM or swap space
#   The process is running with CompressedOops enabled, and the Java Heap may be blocking the growth of the native heap
# Possible solutions:
#   Reduce memory load on the system
#   Increase physical memory or swap space
#   Check if swap backing store is full
#   Decrease Java heap size (-Xmx/-Xms)
#   Decrease number of Java threads
#   Decrease Java thread stack sizes (-Xss)
#   Set larger code cache with -XX:ReservedCodeCacheSize=
#   JVM is running with Unscaled Compressed Oops mode in which the Java heap is
#     placed in the first 4GB address space. The Java Heap base address is the
#     maximum limit for the native heap growth. Please use -XX:HeapBaseMinAddress
#     to set the Java Heap base and to place the Java Heap above 4GB virtual address.
# This output file may be truncated or incomplete.
#
#  Out of Memory Error (arena.cpp:189), pid=14308, tid=11464
#
# JRE version: Java(TM) SE Runtime Environment (17.0+35) (build 17+35-LTS-2724)
# Java VM: Java HotSpot(TM) 64-Bit Server VM (17+35-LTS-2724, mixed mode, sharing, tiered, compressed oops, compressed class ptrs, g1 gc, windows-amd64)
# No core dump will be written. Minidumps are not enabled by default on client versions of Windows
#

---------------  S U M M A R Y ------------

Command Line: -Dfile.encoding=UTF-8 -XX:+ShowCodeDetailsInExceptionMessages cafe.axolotlcafe.AxolotlcafeApplication

Host: Intel(R) Core(TM) i7-7500U CPU @ 2.70GHz, 4 cores, 7G,  Windows 10 , 64 bit Build 18362 (10.0.18362.329)
Time: Fri Dec 17 00:39:50 2021 Türkiye Standart Saati elapsed time: 2.124019 seconds (0d 0h 0m 2s)

---------------  T H R E A D  ---------------

Current thread (0x00000204b41ac550):  JavaThread "C2 CompilerThread0" daemon [_thread_in_native, id=11464, stack(0x0000007280400000,0x0000007280500000)]


Current CompileTask:
C2:   2124 2174       4       jdk.internal.org.objectweb.asm.SymbolTable::addConstantUtf8Reference (101 bytes)

Stack: [0x0000007280400000,0x0000007280500000]
Native frames: (J=compiled Java code, j=interpreted, Vv=VM code, C=native code)
V  [jvm.dll+0x66f8ea]
V  [jvm.dll+0x7ce224]
V  [jvm.dll+0x7cf9ce]
V  [jvm.dll+0x7d0033]
V  [jvm.dll+0x242bb5]
V  [jvm.dll+0xaa05b]
V  [jvm.dll+0xaa5ec]
V  [jvm.dll+0x35f9f7]
V  [jvm.dll+0x329f61]
V  [jvm.dll+0x32940a]
V  [jvm.dll+0x215ca1]
V  [jvm.dll+0x2150c1]
V  [jvm.dll+0x1a168d]
V  [jvm.dll+0x2248f8]
V  [jvm.dll+0x222a5c]
V  [jvm.dll+0x78422b]
V  [jvm.dll+0x77e7ea]
V  [jvm.dll+0x66e715]
C  [ucrtbase.dll+0x20e72]
C  [KERNEL32.DLL+0x17bd4]
C  [ntdll.dll+0x6ced1]


---------------  P R O C E S S  ---------------

Threads class SMR info:
_java_thread_list=0x00000204b6089a40, length=16, elements={
0x0000020494a9d0d0, 0x00000204b4191040, 0x00000204b4194f60, 0x00000204b41a6990,
0x00000204b41aa460, 0x00000204b41aae10, 0x00000204b41ab7c0, 0x00000204b41ac550,
0x00000204b4218f70, 0x00000204b4220140, 0x00000204b4ca5940, 0x00000204b4cb62d0,
0x00000204b4d55ca0, 0x00000204b51bc520, 0x00000204b5e60410, 0x00000204b5f61700
}

Java Threads: ( => current thread )
  0x0000020494a9d0d0 JavaThread "main" [_thread_blocked, id=3324, stack(0x00000072ff700000,0x00000072ff800000)]
  0x00000204b4191040 JavaThread "Reference Handler" daemon [_thread_blocked, id=15008, stack(0x00000072ffe00000,0x00000072fff00000)]
  0x00000204b4194f60 JavaThread "Finalizer" daemon [_thread_blocked, id=16852, stack(0x00000072fff00000,0x0000007300000000)]
  0x00000204b41a6990 JavaThread "Signal Dispatcher" daemon [_thread_blocked, id=16144, stack(0x0000007280000000,0x0000007280100000)]
  0x00000204b41aa460 JavaThread "Attach Listener" daemon [_thread_blocked, id=1964, stack(0x0000007280100000,0x0000007280200000)]
  0x00000204b41aae10 JavaThread "Service Thread" daemon [_thread_blocked, id=11980, stack(0x0000007280200000,0x0000007280300000)]
  0x00000204b41ab7c0 JavaThread "Monitor Deflation Thread" daemon [_thread_blocked, id=14832, stack(0x0000007280300000,0x0000007280400000)]
=>0x00000204b41ac550 JavaThread "C2 CompilerThread0" daemon [_thread_in_native, id=11464, stack(0x0000007280400000,0x0000007280500000)]
  0x00000204b4218f70 JavaThread "C1 CompilerThread0" daemon [_thread_blocked, id=12128, stack(0x0000007280500000,0x0000007280600000)]
  0x00000204b4220140 JavaThread "Sweeper thread" daemon [_thread_blocked, id=13128, stack(0x0000007280600000,0x0000007280700000)]
  0x00000204b4ca5940 JavaThread "Notification Thread" daemon [_thread_blocked, id=11772, stack(0x0000007280700000,0x0000007280800000)]
  0x00000204b4cb62d0 JavaThread "Common-Cleaner" daemon [_thread_blocked, id=13636, stack(0x0000007280900000,0x0000007280a00000)]
  0x00000204b4d55ca0 JavaThread "C2 CompilerThread1" daemon [_thread_in_native, id=14556, stack(0x0000007280a00000,0x0000007280b00000)]
  0x00000204b51bc520 JavaThread "Thread-0" [_thread_blocked, id=13244, stack(0x0000007280f00000,0x0000007281000000)]
  0x00000204b5e60410 JavaThread "restartedMain" [_thread_in_vm, id=13796, stack(0x0000007281000000,0x0000007281100000)]
  0x00000204b5f61700 JavaThread "background-preinit" [_thread_in_vm, id=9228, stack(0x0000007281100000,0x0000007281200000)]

Other Threads:
  0x00000204b418b3e0 VMThread "VM Thread" [stack: 0x00000072ffd00000,0x00000072ffe00000] [id=9844]
  0x00000204b4cb6040 WatcherThread [stack: 0x0000007280800000,0x0000007280900000] [id=2180]
  0x0000020494ad9c10 GCTaskThread "GC Thread#0" [stack: 0x00000072ff800000,0x00000072ff900000] [id=16752]
  0x00000204b52ced40 GCTaskThread "GC Thread#1" [stack: 0x0000007280b00000,0x0000007280c00000] [id=15468]
  0x00000204b52d0010 GCTaskThread "GC Thread#2" [stack: 0x0000007280c00000,0x0000007280d00000] [id=11204]
  0x00000204b52cf2a0 GCTaskThread "GC Thread#3" [stack: 0x0000007280d00000,0x0000007280e00000] [id=11600]
  0x0000020494aebbe0 ConcurrentGCThread "G1 Main Marker" [stack: 0x00000072ff900000,0x00000072ffa00000] [id=14360]
  0x0000020494aec5f0 ConcurrentGCThread "G1 Conc#0" [stack: 0x00000072ffa00000,0x00000072ffb00000] [id=9296]
  0x00000204b4050090 ConcurrentGCThread "G1 Refine#0" [stack: 0x00000072ffb00000,0x00000072ffc00000] [id=12940]
  0x00000204b577a6f0 ConcurrentGCThread "G1 Refine#1" [stack: 0x0000007280e00000,0x0000007280f00000] [id=4864]
  0x00000204b4050ab0 ConcurrentGCThread "G1 Service" [stack: 0x00000072ffc00000,0x00000072ffd00000] [id=15372]

Threads with active compile tasks:
C2 CompilerThread0     2175 2174       4       jdk.internal.org.objectweb.asm.SymbolTable::addConstantUtf8Reference (101 bytes)
C2 CompilerThread1     2175 2084   !   4       jdk.internal.loader.BuiltinClassLoader::loadClassOrNull (143 bytes)

VM state: not at safepoint (normal execution)

VM Mutex/Monitor currently owned by a thread:  ([mutex/lock_event])
[0x0000020494a96b00] Metaspace_lock - owner thread: 0x00000204b5f61700

Heap address: 0x0000000081c00000, size: 2020 MB, Compressed Oops mode: 32-bit

CDS archive(s) mapped at: [0x0000000800000000-0x0000000800bc0000-0x0000000800bc0000), size 12320768, SharedBaseAddress: 0x0000000800000000, ArchiveRelocationMode: 0.
Compressed class space mapped at: 0x0000000800c00000-0x0000000840c00000, reserved size: 1073741824
Narrow klass base: 0x0000000800000000, Narrow klass shift: 0, Narrow klass range: 0x100000000

GC Precious Log:
 CPUs: 4 total, 4 available
 Memory: 8078M
 Large Page Support: Disabled
 NUMA Support: Disabled
 Compressed Oops: Enabled (32-bit)
 Heap Region Size: 1M
 Heap Min Capacity: 8M
 Heap Initial Capacity: 128M
 Heap Max Capacity: 2020M
 Pre-touch: Disabled
 Parallel Workers: 4
 Concurrent Workers: 1
 Concurrent Refinement Workers: 4
 Periodic GC: Disabled

Heap:
 garbage-first heap   total 131072K, used 35351K [0x0000000081c00000, 0x0000000100000000)
  region size 1024K, 31 young (31744K), 4 survivors (4096K)
 Metaspace       used 17782K, committed 17984K, reserved 1073152K
  class space    used 2249K, committed 2368K, reserved 1048576K

Heap Regions: E=young(eden), S=young(survivor), O=old, HS=humongous(starts), HC=humongous(continues), CS=collection set, F=free, OA=open archive, CA=closed archive, TAMS=top-at-mark-start (previous, next)
|   0|0x0000000081c00000, 0x0000000081d00000, 0x0000000081d00000|100%|HS|  |TAMS 0x0000000081c00000, 0x0000000081c00000| Complete 
|   1|0x0000000081d00000, 0x0000000081e00000, 0x0000000081e00000|100%| O|  |TAMS 0x0000000081d00000, 0x0000000081d00000| Untracked 
|   2|0x0000000081e00000, 0x0000000081f00000, 0x0000000081f00000|100%| O|  |TAMS 0x0000000081e00000, 0x0000000081e00000| Untracked 
|   3|0x0000000081f00000, 0x0000000082000000, 0x0000000082000000|100%| O|  |TAMS 0x0000000081f00000, 0x0000000081f00000| Untracked 
|   4|0x0000000082000000, 0x0000000082100000, 0x0000000082100000|100%| O|  |TAMS 0x0000000082000000, 0x0000000082000000| Untracked 
|   5|0x0000000082100000, 0x00000000821d6a00, 0x0000000082200000| 83%| O|  |TAMS 0x0000000082100000, 0x0000000082100000| Untracked 
|   6|0x0000000082200000, 0x0000000082200000, 0x0000000082300000|  0%| F|  |TAMS 0x0000000082200000, 0x0000000082200000| Untracked 
|   7|0x0000000082300000, 0x0000000082300000, 0x0000000082400000|  0%| F|  |TAMS 0x0000000082300000, 0x0000000082300000| Untracked 
|   8|0x0000000082400000, 0x0000000082400000, 0x0000000082500000|  0%| F|  |TAMS 0x0000000082400000, 0x0000000082400000| Untracked 
|   9|0x0000000082500000, 0x0000000082500000, 0x0000000082600000|  0%| F|  |TAMS 0x0000000082500000, 0x0000000082500000| Untracked 
|  10|0x0000000082600000, 0x0000000082600000, 0x0000000082700000|  0%| F|  |TAMS 0x0000000082600000, 0x0000000082600000| Untracked 
|  11|0x0000000082700000, 0x0000000082700000, 0x0000000082800000|  0%| F|  |TAMS 0x0000000082700000, 0x0000000082700000| Untracked 
|  12|0x0000000082800000, 0x0000000082800000, 0x0000000082900000|  0%| F|  |TAMS 0x0000000082800000, 0x0000000082800000| Untracked 
|  13|0x0000000082900000, 0x0000000082900000, 0x0000000082a00000|  0%| F|  |TAMS 0x0000000082900000, 0x0000000082900000| Untracked 
|  14|0x0000000082a00000, 0x0000000082a00000, 0x0000000082b00000|  0%| F|  |TAMS 0x0000000082a00000, 0x0000000082a00000| Untracked 
|  15|0x0000000082b00000, 0x0000000082b00000, 0x0000000082c00000|  0%| F|  |TAMS 0x0000000082b00000, 0x0000000082b00000| Untracked 
|  16|0x0000000082c00000, 0x0000000082c00000, 0x0000000082d00000|  0%| F|  |TAMS 0x0000000082c00000, 0x0000000082c00000| Untracked 
|  17|0x0000000082d00000, 0x0000000082d00000, 0x0000000082e00000|  0%| F|  |TAMS 0x0000000082d00000, 0x0000000082d00000| Untracked 
|  18|0x0000000082e00000, 0x0000000082e00000, 0x0000000082f00000|  0%| F|  |TAMS 0x0000000082e00000, 0x0000000082e00000| Untracked 
|  19|0x0000000082f00000, 0x0000000082f00000, 0x0000000083000000|  0%| F|  |TAMS 0x0000000082f00000, 0x0000000082f00000| Untracked 
|  20|0x0000000083000000, 0x0000000083000000, 0x0000000083100000|  0%| F|  |TAMS 0x0000000083000000, 0x0000000083000000| Untracked 
|  21|0x0000000083100000, 0x0000000083100000, 0x0000000083200000|  0%| F|  |TAMS 0x0000000083100000, 0x0000000083100000| Untracked 
|  22|0x0000000083200000, 0x0000000083200000, 0x0000000083300000|  0%| F|  |TAMS 0x0000000083200000, 0x0000000083200000| Untracked 
|  23|0x0000000083300000, 0x0000000083300000, 0x0000000083400000|  0%| F|  |TAMS 0x0000000083300000, 0x0000000083300000| Untracked 
|  24|0x0000000083400000, 0x0000000083400000, 0x0000000083500000|  0%| F|  |TAMS 0x0000000083400000, 0x0000000083400000| Untracked 
|  25|0x0000000083500000, 0x0000000083500000, 0x0000000083600000|  0%| F|  |TAMS 0x0000000083500000, 0x0000000083500000| Untracked 
|  26|0x0000000083600000, 0x0000000083600000, 0x0000000083700000|  0%| F|  |TAMS 0x0000000083600000, 0x0000000083600000| Untracked 
|  27|0x0000000083700000, 0x0000000083700000, 0x0000000083800000|  0%| F|  |TAMS 0x0000000083700000, 0x0000000083700000| Untracked 
|  28|0x0000000083800000, 0x0000000083800000, 0x0000000083900000|  0%| F|  |TAMS 0x0000000083800000, 0x0000000083800000| Untracked 
|  29|0x0000000083900000, 0x0000000083900000, 0x0000000083a00000|  0%| F|  |TAMS 0x0000000083900000, 0x0000000083900000| Untracked 
|  30|0x0000000083a00000, 0x0000000083a00000, 0x0000000083b00000|  0%| F|  |TAMS 0x0000000083a00000, 0x0000000083a00000| Untracked 
|  31|0x0000000083b00000, 0x0000000083b00000, 0x0000000083c00000|  0%| F|  |TAMS 0x0000000083b00000, 0x0000000083b00000| Untracked 
|  32|0x0000000083c00000, 0x0000000083c00000, 0x0000000083d00000|  0%| F|  |TAMS 0x0000000083c00000, 0x0000000083c00000| Untracked 
|  33|0x0000000083d00000, 0x0000000083d00000, 0x0000000083e00000|  0%| F|  |TAMS 0x0000000083d00000, 0x0000000083d00000| Untracked 
|  34|0x0000000083e00000, 0x0000000083e00000, 0x0000000083f00000|  0%| F|  |TAMS 0x0000000083e00000, 0x0000000083e00000| Untracked 
|  35|0x0000000083f00000, 0x0000000083f00000, 0x0000000084000000|  0%| F|  |TAMS 0x0000000083f00000, 0x0000000083f00000| Untracked 
|  36|0x0000000084000000, 0x0000000084000000, 0x0000000084100000|  0%| F|  |TAMS 0x0000000084000000, 0x0000000084000000| Untracked 
|  37|0x0000000084100000, 0x0000000084100000, 0x0000000084200000|  0%| F|  |TAMS 0x0000000084100000, 0x0000000084100000| Untracked 
|  38|0x0000000084200000, 0x0000000084200000, 0x0000000084300000|  0%| F|  |TAMS 0x0000000084200000, 0x0000000084200000| Untracked 
|  39|0x0000000084300000, 0x0000000084300000, 0x0000000084400000|  0%| F|  |TAMS 0x0000000084300000, 0x0000000084300000| Untracked 
|  40|0x0000000084400000, 0x0000000084400000, 0x0000000084500000|  0%| F|  |TAMS 0x0000000084400000, 0x0000000084400000| Untracked 
|  41|0x0000000084500000, 0x0000000084500000, 0x0000000084600000|  0%| F|  |TAMS 0x0000000084500000, 0x0000000084500000| Untracked 
|  42|0x0000000084600000, 0x0000000084600000, 0x0000000084700000|  0%| F|  |TAMS 0x0000000084600000, 0x0000000084600000| Untracked 
|  43|0x0000000084700000, 0x0000000084700000, 0x0000000084800000|  0%| F|  |TAMS 0x0000000084700000, 0x0000000084700000| Untracked 
|  44|0x0000000084800000, 0x0000000084800000, 0x0000000084900000|  0%| F|  |TAMS 0x0000000084800000, 0x0000000084800000| Untracked 
|  45|0x0000000084900000, 0x0000000084900000, 0x0000000084a00000|  0%| F|  |TAMS 0x0000000084900000, 0x0000000084900000| Untracked 
|  46|0x0000000084a00000, 0x0000000084a00000, 0x0000000084b00000|  0%| F|  |TAMS 0x0000000084a00000, 0x0000000084a00000| Untracked 
|  47|0x0000000084b00000, 0x0000000084baf2c0, 0x0000000084c00000| 68%| S|CS|TAMS 0x0000000084b00000, 0x0000000084b00000| Complete 
|  48|0x0000000084c00000, 0x0000000084d00000, 0x0000000084d00000|100%| S|CS|TAMS 0x0000000084c00000, 0x0000000084c00000| Complete 
|  49|0x0000000084d00000, 0x0000000084e00000, 0x0000000084e00000|100%| S|CS|TAMS 0x0000000084d00000, 0x0000000084d00000| Complete 
|  50|0x0000000084e00000, 0x0000000084f00000, 0x0000000084f00000|100%| S|CS|TAMS 0x0000000084e00000, 0x0000000084e00000| Complete 
|  51|0x0000000084f00000, 0x0000000084f00000, 0x0000000085000000|  0%| F|  |TAMS 0x0000000084f00000, 0x0000000084f00000| Untracked 
|  52|0x0000000085000000, 0x0000000085000000, 0x0000000085100000|  0%| F|  |TAMS 0x0000000085000000, 0x0000000085000000| Untracked 
|  53|0x0000000085100000, 0x0000000085100000, 0x0000000085200000|  0%| F|  |TAMS 0x0000000085100000, 0x0000000085100000| Untracked 
|  54|0x0000000085200000, 0x0000000085200000, 0x0000000085300000|  0%| F|  |TAMS 0x0000000085200000, 0x0000000085200000| Untracked 
|  55|0x0000000085300000, 0x0000000085300000, 0x0000000085400000|  0%| F|  |TAMS 0x0000000085300000, 0x0000000085300000| Untracked 
|  56|0x0000000085400000, 0x0000000085400000, 0x0000000085500000|  0%| F|  |TAMS 0x0000000085400000, 0x0000000085400000| Untracked 
|  57|0x0000000085500000, 0x0000000085500000, 0x0000000085600000|  0%| F|  |TAMS 0x0000000085500000, 0x0000000085500000| Untracked 
|  58|0x0000000085600000, 0x0000000085600000, 0x0000000085700000|  0%| F|  |TAMS 0x0000000085600000, 0x0000000085600000| Untracked 
|  59|0x0000000085700000, 0x0000000085700000, 0x0000000085800000|  0%| F|  |TAMS 0x0000000085700000, 0x0000000085700000| Untracked 
|  60|0x0000000085800000, 0x0000000085800000, 0x0000000085900000|  0%| F|  |TAMS 0x0000000085800000, 0x0000000085800000| Untracked 
|  61|0x0000000085900000, 0x0000000085900000, 0x0000000085a00000|  0%| F|  |TAMS 0x0000000085900000, 0x0000000085900000| Untracked 
|  62|0x0000000085a00000, 0x0000000085a00000, 0x0000000085b00000|  0%| F|  |TAMS 0x0000000085a00000, 0x0000000085a00000| Untracked 
|  63|0x0000000085b00000, 0x0000000085b00000, 0x0000000085c00000|  0%| F|  |TAMS 0x0000000085b00000, 0x0000000085b00000| Untracked 
|  64|0x0000000085c00000, 0x0000000085c00000, 0x0000000085d00000|  0%| F|  |TAMS 0x0000000085c00000, 0x0000000085c00000| Untracked 
|  65|0x0000000085d00000, 0x0000000085d00000, 0x0000000085e00000|  0%| F|  |TAMS 0x0000000085d00000, 0x0000000085d00000| Untracked 
|  66|0x0000000085e00000, 0x0000000085e00000, 0x0000000085f00000|  0%| F|  |TAMS 0x0000000085e00000, 0x0000000085e00000| Untracked 
|  67|0x0000000085f00000, 0x0000000085f00000, 0x0000000086000000|  0%| F|  |TAMS 0x0000000085f00000, 0x0000000085f00000| Untracked 
|  68|0x0000000086000000, 0x0000000086000000, 0x0000000086100000|  0%| F|  |TAMS 0x0000000086000000, 0x0000000086000000| Untracked 
|  69|0x0000000086100000, 0x0000000086100000, 0x0000000086200000|  0%| F|  |TAMS 0x0000000086100000, 0x0000000086100000| Untracked 
|  70|0x0000000086200000, 0x0000000086200000, 0x0000000086300000|  0%| F|  |TAMS 0x0000000086200000, 0x0000000086200000| Untracked 
|  71|0x0000000086300000, 0x0000000086300000, 0x0000000086400000|  0%| F|  |TAMS 0x0000000086300000, 0x0000000086300000| Untracked 
|  72|0x0000000086400000, 0x0000000086400000, 0x0000000086500000|  0%| F|  |TAMS 0x0000000086400000, 0x0000000086400000| Untracked 
|  73|0x0000000086500000, 0x0000000086500000, 0x0000000086600000|  0%| F|  |TAMS 0x0000000086500000, 0x0000000086500000| Untracked 
|  74|0x0000000086600000, 0x0000000086600000, 0x0000000086700000|  0%| F|  |TAMS 0x0000000086600000, 0x0000000086600000| Untracked 
|  75|0x0000000086700000, 0x0000000086700000, 0x0000000086800000|  0%| F|  |TAMS 0x0000000086700000, 0x0000000086700000| Untracked 
|  76|0x0000000086800000, 0x0000000086800000, 0x0000000086900000|  0%| F|  |TAMS 0x0000000086800000, 0x0000000086800000| Untracked 
|  77|0x0000000086900000, 0x0000000086900000, 0x0000000086a00000|  0%| F|  |TAMS 0x0000000086900000, 0x0000000086900000| Untracked 
|  78|0x0000000086a00000, 0x0000000086a00000, 0x0000000086b00000|  0%| F|  |TAMS 0x0000000086a00000, 0x0000000086a00000| Untracked 
|  79|0x0000000086b00000, 0x0000000086b00000, 0x0000000086c00000|  0%| F|  |TAMS 0x0000000086b00000, 0x0000000086b00000| Untracked 
|  80|0x0000000086c00000, 0x0000000086c00000, 0x0000000086d00000|  0%| F|  |TAMS 0x0000000086c00000, 0x0000000086c00000| Untracked 
|  81|0x0000000086d00000, 0x0000000086d00000, 0x0000000086e00000|  0%| F|  |TAMS 0x0000000086d00000, 0x0000000086d00000| Untracked 
|  82|0x0000000086e00000, 0x0000000086e00000, 0x0000000086f00000|  0%| F|  |TAMS 0x0000000086e00000, 0x0000000086e00000| Untracked 
|  83|0x0000000086f00000, 0x0000000086f00000, 0x0000000087000000|  0%| F|  |TAMS 0x0000000086f00000, 0x0000000086f00000| Untracked 
|  84|0x0000000087000000, 0x0000000087000000, 0x0000000087100000|  0%| F|  |TAMS 0x0000000087000000, 0x0000000087000000| Untracked 
|  85|0x0000000087100000, 0x0000000087100000, 0x0000000087200000|  0%| F|  |TAMS 0x0000000087100000, 0x0000000087100000| Untracked 
|  86|0x0000000087200000, 0x0000000087200000, 0x0000000087300000|  0%| F|  |TAMS 0x0000000087200000, 0x0000000087200000| Untracked 
|  87|0x0000000087300000, 0x0000000087300000, 0x0000000087400000|  0%| F|  |TAMS 0x0000000087300000, 0x0000000087300000| Untracked 
|  88|0x0000000087400000, 0x0000000087400000, 0x0000000087500000|  0%| F|  |TAMS 0x0000000087400000, 0x0000000087400000| Untracked 
|  89|0x0000000087500000, 0x0000000087500000, 0x0000000087600000|  0%| F|  |TAMS 0x0000000087500000, 0x0000000087500000| Untracked 
|  90|0x0000000087600000, 0x0000000087600000, 0x0000000087700000|  0%| F|  |TAMS 0x0000000087600000, 0x0000000087600000| Untracked 
|  91|0x0000000087700000, 0x0000000087700000, 0x0000000087800000|  0%| F|  |TAMS 0x0000000087700000, 0x0000000087700000| Untracked 
|  92|0x0000000087800000, 0x0000000087800000, 0x0000000087900000|  0%| F|  |TAMS 0x0000000087800000, 0x0000000087800000| Untracked 
|  93|0x0000000087900000, 0x0000000087900000, 0x0000000087a00000|  0%| F|  |TAMS 0x0000000087900000, 0x0000000087900000| Untracked 
|  94|0x0000000087a00000, 0x0000000087a00000, 0x0000000087b00000|  0%| F|  |TAMS 0x0000000087a00000, 0x0000000087a00000| Untracked 
|  95|0x0000000087b00000, 0x0000000087b00000, 0x0000000087c00000|  0%| F|  |TAMS 0x0000000087b00000, 0x0000000087b00000| Untracked 
|  96|0x0000000087c00000, 0x0000000087c00000, 0x0000000087d00000|  0%| F|  |TAMS 0x0000000087c00000, 0x0000000087c00000| Untracked 
|  97|0x0000000087d00000, 0x0000000087d00000, 0x0000000087e00000|  0%| F|  |TAMS 0x0000000087d00000, 0x0000000087d00000| Untracked 
|  98|0x0000000087e00000, 0x0000000087e00000, 0x0000000087f00000|  0%| F|  |TAMS 0x0000000087e00000, 0x0000000087e00000| Untracked 
|  99|0x0000000087f00000, 0x0000000087f00000, 0x0000000088000000|  0%| F|  |TAMS 0x0000000087f00000, 0x0000000087f00000| Untracked 
| 100|0x0000000088000000, 0x0000000088000000, 0x0000000088100000|  0%| F|  |TAMS 0x0000000088000000, 0x0000000088000000| Untracked 
| 101|0x0000000088100000, 0x00000000881fbf10, 0x0000000088200000| 98%| E|  |TAMS 0x0000000088100000, 0x0000000088100000| Complete 
| 102|0x0000000088200000, 0x0000000088300000, 0x0000000088300000|100%| E|CS|TAMS 0x0000000088200000, 0x0000000088200000| Complete 
| 103|0x0000000088300000, 0x0000000088400000, 0x0000000088400000|100%| E|CS|TAMS 0x0000000088300000, 0x0000000088300000| Complete 
| 104|0x0000000088400000, 0x0000000088500000, 0x0000000088500000|100%| E|CS|TAMS 0x0000000088400000, 0x0000000088400000| Complete 
| 105|0x0000000088500000, 0x0000000088600000, 0x0000000088600000|100%| E|CS|TAMS 0x0000000088500000, 0x0000000088500000| Complete 
| 106|0x0000000088600000, 0x0000000088700000, 0x0000000088700000|100%| E|  |TAMS 0x0000000088600000, 0x0000000088600000| Complete 
| 107|0x0000000088700000, 0x0000000088800000, 0x0000000088800000|100%| E|CS|TAMS 0x0000000088700000, 0x0000000088700000| Complete 
| 108|0x0000000088800000, 0x0000000088900000, 0x0000000088900000|100%| E|CS|TAMS 0x0000000088800000, 0x0000000088800000| Complete 
| 109|0x0000000088900000, 0x0000000088a00000, 0x0000000088a00000|100%| E|CS|TAMS 0x0000000088900000, 0x0000000088900000| Complete 
| 110|0x0000000088a00000, 0x0000000088b00000, 0x0000000088b00000|100%| E|CS|TAMS 0x0000000088a00000, 0x0000000088a00000| Complete 
| 111|0x0000000088b00000, 0x0000000088c00000, 0x0000000088c00000|100%| E|CS|TAMS 0x0000000088b00000, 0x0000000088b00000| Complete 
| 112|0x0000000088c00000, 0x0000000088d00000, 0x0000000088d00000|100%| E|CS|TAMS 0x0000000088c00000, 0x0000000088c00000| Complete 
| 113|0x0000000088d00000, 0x0000000088e00000, 0x0000000088e00000|100%| E|CS|TAMS 0x0000000088d00000, 0x0000000088d00000| Complete 
| 114|0x0000000088e00000, 0x0000000088f00000, 0x0000000088f00000|100%| E|CS|TAMS 0x0000000088e00000, 0x0000000088e00000| Complete 
| 115|0x0000000088f00000, 0x0000000089000000, 0x0000000089000000|100%| E|CS|TAMS 0x0000000088f00000, 0x0000000088f00000| Complete 
| 116|0x0000000089000000, 0x0000000089100000, 0x0000000089100000|100%| E|CS|TAMS 0x0000000089000000, 0x0000000089000000| Complete 
| 117|0x0000000089100000, 0x0000000089200000, 0x0000000089200000|100%| E|CS|TAMS 0x0000000089100000, 0x0000000089100000| Complete 
| 118|0x0000000089200000, 0x0000000089300000, 0x0000000089300000|100%| E|CS|TAMS 0x0000000089200000, 0x0000000089200000| Complete 
| 119|0x0000000089300000, 0x0000000089400000, 0x0000000089400000|100%| E|CS|TAMS 0x0000000089300000, 0x0000000089300000| Complete 
| 120|0x0000000089400000, 0x0000000089500000, 0x0000000089500000|100%| E|CS|TAMS 0x0000000089400000, 0x0000000089400000| Complete 
| 121|0x0000000089500000, 0x0000000089600000, 0x0000000089600000|100%| E|CS|TAMS 0x0000000089500000, 0x0000000089500000| Complete 
| 122|0x0000000089600000, 0x0000000089700000, 0x0000000089700000|100%| E|CS|TAMS 0x0000000089600000, 0x0000000089600000| Complete 
| 123|0x0000000089700000, 0x0000000089800000, 0x0000000089800000|100%| E|CS|TAMS 0x0000000089700000, 0x0000000089700000| Complete 
| 124|0x0000000089800000, 0x0000000089900000, 0x0000000089900000|100%| E|CS|TAMS 0x0000000089800000, 0x0000000089800000| Complete 
| 125|0x0000000089900000, 0x0000000089a00000, 0x0000000089a00000|100%| E|CS|TAMS 0x0000000089900000, 0x0000000089900000| Complete 
| 126|0x0000000089a00000, 0x0000000089b00000, 0x0000000089b00000|100%| E|CS|TAMS 0x0000000089a00000, 0x0000000089a00000| Complete 
| 127|0x0000000089b00000, 0x0000000089c00000, 0x0000000089c00000|100%| E|CS|TAMS 0x0000000089b00000, 0x0000000089b00000| Complete 

Card table byte_map: [0x00000204ad490000,0x00000204ad890000] _byte_map_base: 0x00000204ad082000

Marking Bits (Prev, Next): (CMBitMap*) 0x0000020494adb630, (CMBitMap*) 0x0000020494adb670
 Prev Bits: [0x00000204adc90000, 0x00000204afc20000)
 Next Bits: [0x00000204afc20000, 0x00000204b1bb0000)

Polling page: 0x0000020494b60000

Metaspace:

Usage:
  Non-class:     15.17 MB used.
      Class:      2.20 MB used.
       Both:     17.37 MB used.

Virtual space:
  Non-class space:       24.00 MB reserved,      15.25 MB ( 64%) committed,  3 nodes.
      Class space:        1.00 GB reserved,       2.31 MB ( <1%) committed,  1 nodes.
             Both:        1.02 GB reserved,      17.56 MB (  2%) committed. 

Chunk freelists:
   Non-Class:  3.98 MB
       Class:  1.70 MB
        Both:  5.69 MB

MaxMetaspaceSize: unlimited
CompressedClassSpaceSize: 1.00 GB
Initial GC threshold: 21.00 MB
Current GC threshold: 21.00 MB
CDS: on
MetaspaceReclaimPolicy: balanced
 - commit_granule_bytes: 65536.
 - commit_granule_words: 8192.
 - virtual_space_node_default_size: 1048576.
 - enlarge_chunks_in_place: 1.
 - new_chunks_are_fully_committed: 0.
 - uncommit_free_chunks: 1.
 - use_allocation_guard: 0.
 - handle_deallocations: 1.


Internal statistics:

num_allocs_failed_limit: 0.
num_arena_births: 156.
num_arena_deaths: 0.
num_vsnodes_births: 4.
num_vsnodes_deaths: 0.
num_space_committed: 281.
num_space_uncommitted: 0.
num_chunks_returned_to_freelist: 0.
num_chunks_taken_from_freelist: 702.
num_chunk_merges: 0.
num_chunk_splits: 509.
num_chunks_enlarged: 421.
num_purges: 0.
num_inconsistent_stats: 0.

CodeHeap 'non-profiled nmethods': size=120000Kb used=957Kb max_used=957Kb free=119042Kb
 bounds [0x00000204a5530000, 0x00000204a57a0000, 0x00000204aca60000]
CodeHeap 'profiled nmethods': size=120000Kb used=4134Kb max_used=4134Kb free=115865Kb
 bounds [0x000002049e000000, 0x000002049e410000, 0x00000204a5530000]
CodeHeap 'non-nmethods': size=5760Kb used=1173Kb max_used=1231Kb free=4586Kb
 bounds [0x000002049da60000, 0x000002049dcd0000, 0x000002049e000000]
 total_blobs=2647 nmethods=2180 adapters=379
 compilation: enabled
              stopped_count=0, restarted_count=0
 full_count=0

Compilation events (20 events):
Event: 2.043 Thread 0x00000204b4218f70 nmethod 2164 0x000002049e3f3c10 code [0x000002049e3f3de0, 0x000002049e3f4258]
Event: 2.044 Thread 0x00000204b4218f70 2165       3       java.util.HashMap::remove (26 bytes)
Event: 2.044 Thread 0x00000204b4218f70 nmethod 2165 0x000002049e3f4410 code [0x000002049e3f45e0, 0x000002049e3f4958]
Event: 2.044 Thread 0x00000204b4218f70 2166       3       java.util.HashMap::forEach (112 bytes)
Event: 2.044 Thread 0x00000204b41ac550 2167       4       org.springframework.boot.autoconfigure.AutoConfigurationSorter$AutoConfigurationClass::getBefore (50 bytes)
Event: 2.045 Thread 0x00000204b4218f70 nmethod 2166 0x000002049e3f4a90 code [0x000002049e3f4c80, 0x000002049e3f52a8]
Event: 2.045 Thread 0x00000204b4218f70 2168       3       java.util.HashMap::removeNode (291 bytes)
Event: 2.045 Thread 0x00000204b41ac550 nmethod 2167 0x00000204a561ec90 code [0x00000204a561ee00, 0x00000204a561ee98]
Event: 2.046 Thread 0x00000204b4218f70 nmethod 2168 0x000002049e3f5510 code [0x000002049e3f57a0, 0x000002049e3f6ad8]
Event: 2.046 Thread 0x00000204b4218f70 2169       1       java.util.ArrayList$ArrayListSpliterator::characteristics (4 bytes)
Event: 2.046 Thread 0x00000204b4218f70 nmethod 2169 0x00000204a561ef90 code [0x00000204a561f120, 0x00000204a561f1f8]
Event: 2.048 Thread 0x00000204b4218f70 2170   !   3       org.springframework.boot.devtools.restart.classloader.RestartClassLoader::loadClass (119 bytes)
Event: 2.050 Thread 0x00000204b4218f70 nmethod 2170 0x000002049e3f6f90 code [0x000002049e3f7420, 0x000002049e3f9648]
Event: 2.050 Thread 0x00000204b4218f70 2171   !   3       jdk.internal.loader.AbstractClassLoaderValue::computeIfAbsent (113 bytes)
Event: 2.051 Thread 0x00000204b4218f70 nmethod 2171 0x000002049e3fa410 code [0x000002049e3fa6c0, 0x000002049e3fb528]
Event: 2.051 Thread 0x00000204b4218f70 2172       3       java.lang.invoke.MethodHandles$Lookup::resolveOrFail (44 bytes)
Event: 2.051 Thread 0x00000204b41ac550 2174       4       jdk.internal.org.objectweb.asm.SymbolTable::addConstantUtf8Reference (101 bytes)
Event: 2.052 Thread 0x00000204b4218f70 nmethod 2172 0x000002049e3fbb90 code [0x000002049e3fbe40, 0x000002049e3fcb08]
Event: 2.052 Thread 0x00000204b4218f70 2173       3       java.lang.invoke.MethodHandles$Lookup::getDirectMethodForConstant (72 bytes)
Event: 2.056 Thread 0x00000204b4218f70 nmethod 2173 0x000002049e3fcf90 code [0x000002049e3fd2e0, 0x000002049e3fe5e8]

GC Heap History (8 events):
Event: 0.440 GC heap before
{Heap before GC invocations=0 (full 0):
 garbage-first heap   total 131072K, used 14336K [0x0000000081c00000, 0x0000000100000000)
  region size 1024K, 13 young (13312K), 0 survivors (0K)
 Metaspace       used 2628K, committed 2752K, reserved 1056768K
  class space    used 258K, committed 320K, reserved 1048576K
}
Event: 0.444 GC heap after
{Heap after GC invocations=1 (full 0):
 garbage-first heap   total 131072K, used 5938K [0x0000000081c00000, 0x0000000100000000)
  region size 1024K, 2 young (2048K), 2 survivors (2048K)
 Metaspace       used 2628K, committed 2752K, reserved 1056768K
  class space    used 258K, committed 320K, reserved 1048576K
}
Event: 0.582 GC heap before
{Heap before GC invocations=1 (full 0):
 garbage-first heap   total 131072K, used 17202K [0x0000000081c00000, 0x0000000100000000)
  region size 1024K, 14 young (14336K), 2 survivors (2048K)
 Metaspace       used 4127K, committed 4352K, reserved 1056768K
  class space    used 445K, committed 576K, reserved 1048576K
}
Event: 0.585 GC heap after
{Heap after GC invocations=2 (full 0):
 garbage-first heap   total 131072K, used 6511K [0x0000000081c00000, 0x0000000100000000)
  region size 1024K, 1 young (1024K), 1 survivors (1024K)
 Metaspace       used 4127K, committed 4352K, reserved 1056768K
  class space    used 445K, committed 576K, reserved 1048576K
}
Event: 0.591 GC heap before
{Heap before GC invocations=2 (full 0):
 garbage-first heap   total 131072K, used 28015K [0x0000000081c00000, 0x0000000100000000)
  region size 1024K, 23 young (23552K), 1 survivors (1024K)
 Metaspace       used 4127K, committed 4352K, reserved 1056768K
  class space    used 445K, committed 576K, reserved 1048576K
}
Event: 0.592 GC heap after
{Heap after GC invocations=3 (full 0):
 garbage-first heap   total 131072K, used 6480K [0x0000000081c00000, 0x0000000100000000)
  region size 1024K, 1 young (1024K), 1 survivors (1024K)
 Metaspace       used 4127K, committed 4352K, reserved 1056768K
  class space    used 445K, committed 576K, reserved 1048576K
}
Event: 1.734 GC heap before
{Heap before GC invocations=3 (full 0):
 garbage-first heap   total 131072K, used 82256K [0x0000000081c00000, 0x0000000100000000)
  region size 1024K, 77 young (78848K), 1 survivors (1024K)
 Metaspace       used 15082K, committed 15360K, reserved 1064960K
  class space    used 1964K, committed 2112K, reserved 1048576K
}
Event: 1.741 GC heap after
{Heap after GC invocations=4 (full 0):
 garbage-first heap   total 131072K, used 9751K [0x0000000081c00000, 0x0000000100000000)
  region size 1024K, 4 young (4096K), 4 survivors (4096K)
 Metaspace       used 15082K, committed 15360K, reserved 1064960K
  class space    used 1964K, committed 2112K, reserved 1048576K
}

Deoptimization events (20 events):
Event: 1.940 Thread 0x00000204b5e60410 DEOPT PACKING pc=0x000002049e0fffe6 sp=0x00000072810fe030
Event: 1.940 Thread 0x00000204b5e60410 DEOPT UNPACKING pc=0x000002049dab2b43 sp=0x00000072810fd4f8 mode 0
Event: 1.940 Thread 0x00000204b5e60410 DEOPT PACKING pc=0x000002049e1a9bb1 sp=0x00000072810fe000
Event: 1.940 Thread 0x00000204b5e60410 DEOPT UNPACKING pc=0x000002049dab2b43 sp=0x00000072810fd4f0 mode 0
Event: 1.945 Thread 0x00000204b5e60410 DEOPT PACKING pc=0x000002049e0fffe6 sp=0x00000072810fe030
Event: 1.945 Thread 0x00000204b5e60410 DEOPT UNPACKING pc=0x000002049dab2b43 sp=0x00000072810fd4f8 mode 0
Event: 1.945 Thread 0x00000204b5e60410 DEOPT PACKING pc=0x000002049e1a9bb1 sp=0x00000072810fe000
Event: 1.945 Thread 0x00000204b5e60410 DEOPT UNPACKING pc=0x000002049dab2b43 sp=0x00000072810fd4f0 mode 0
Event: 1.950 Thread 0x00000204b5e60410 Uncommon trap: trap_request=0xffffff45 fr.pc=0x00000204a55e7ca4 relative=0x0000000000000184
Event: 1.950 Thread 0x00000204b5e60410 Uncommon trap: reason=unstable_if action=reinterpret pc=0x00000204a55e7ca4 method=java.util.WeakHashMap.expungeStaleEntries()V @ 9 c2
Event: 1.950 Thread 0x00000204b5e60410 DEOPT PACKING pc=0x00000204a55e7ca4 sp=0x00000072810fdc10
Event: 1.950 Thread 0x00000204b5e60410 DEOPT UNPACKING pc=0x000002049dab23a3 sp=0x00000072810fdba8 mode 2
Event: 2.042 Thread 0x00000204b5e60410 Uncommon trap: trap_request=0xffffffde fr.pc=0x00000204a55f5b44 relative=0x0000000000002164
Event: 2.042 Thread 0x00000204b5e60410 Uncommon trap: reason=class_check action=maybe_recompile pc=0x00000204a55f5b44 method=java.util.HashMap.putVal(ILjava/lang/Object;Ljava/lang/Object;ZZ)Ljava/lang/Object; @ 203 c2
Event: 2.042 Thread 0x00000204b5e60410 DEOPT PACKING pc=0x00000204a55f5b44 sp=0x00000072810fe1f0
Event: 2.043 Thread 0x00000204b5e60410 DEOPT UNPACKING pc=0x000002049dab23a3 sp=0x00000072810fe0b8 mode 2
Event: 2.044 Thread 0x00000204b5e60410 Uncommon trap: trap_request=0xffffffde fr.pc=0x00000204a55f5b44 relative=0x0000000000002164
Event: 2.044 Thread 0x00000204b5e60410 Uncommon trap: reason=class_check action=maybe_recompile pc=0x00000204a55f5b44 method=java.util.HashMap.putVal(ILjava/lang/Object;Ljava/lang/Object;ZZ)Ljava/lang/Object; @ 203 c2
Event: 2.044 Thread 0x00000204b5e60410 DEOPT PACKING pc=0x00000204a55f5b44 sp=0x00000072810fe1f0
Event: 2.044 Thread 0x00000204b5e60410 DEOPT UNPACKING pc=0x000002049dab23a3 sp=0x00000072810fe0b8 mode 2

Classes unloaded (0 events):
No events

Classes redefined (0 events):
No events

Internal exceptions (20 events):
Event: 1.089 Thread 0x00000204b5e60410 Exception <a 'java/lang/NoSuchMethodError'{0x00000000883e5cd0}: 'void java.lang.invoke.DirectMethodHandle$Holder.invokeSpecial(java.lang.Object, java.lang.Object, java.lang.Object, java.lang.Object, java.lang.Object)'> (0x00000000883e5cd0) 
thrown [t:\workspace\open\src\hotspot\share\interpreter\linkResolver.cpp, line 766]
Event: 1.431 Thread 0x00000204b5e60410 Exception <a 'java/lang/ClassNotFoundException'{0x0000000087170df8}: java/lang/ObjectCustomizer> (0x0000000087170df8) 
thrown [t:\workspace\open\src\hotspot\share\classfile\systemDictionary.cpp, line 256]
Event: 1.434 Thread 0x00000204b5e60410 Exception <a 'java/lang/IncompatibleClassChangeError'{0x0000000087175c98}: Found class java.lang.Object, but interface was expected> (0x0000000087175c98) 
thrown [t:\workspace\open\src\hotspot\share\interpreter\linkResolver.cpp, line 833]
Event: 1.440 Thread 0x00000204b5e60410 Exception <a 'java/lang/ClassNotFoundException'{0x000000008700b480}: org/springframework/context/annotation/ConfigurationClassPostProcessorCustomizer> (0x000000008700b480) 
thrown [t:\workspace\open\src\hotspot\share\classfile\systemDictionary.cpp, line 256]
Event: 1.443 Thread 0x00000204b5e60410 Exception <a 'java/lang/ClassNotFoundException'{0x000000008702a190}: org/springframework/beans/factory/support/BeanDefinitionRegistryPostProcessorCustomizer> (0x000000008702a190) 
thrown [t:\workspace\open\src\hotspot\share\classfile\systemDictionary.cpp, line 256]
Event: 1.444 Thread 0x00000204b5e60410 Exception <a 'java/lang/ClassNotFoundException'{0x000000008702f500}: org/springframework/beans/factory/config/BeanFactoryPostProcessorCustomizer> (0x000000008702f500) 
thrown [t:\workspace\open\src\hotspot\share\classfile\systemDictionary.cpp, line 256]
Event: 1.444 Thread 0x00000204b5e60410 Exception <a 'java/lang/ClassNotFoundException'{0x0000000087034568}: org/springframework/core/PriorityOrderedCustomizer> (0x0000000087034568) 
thrown [t:\workspace\open\src\hotspot\share\classfile\systemDictionary.cpp, line 256]
Event: 1.445 Thread 0x00000204b5e60410 Exception <a 'java/lang/ClassNotFoundException'{0x00000000870381e8}: org/springframework/core/OrderedCustomizer> (0x00000000870381e8) 
thrown [t:\workspace\open\src\hotspot\share\classfile\systemDictionary.cpp, line 256]
Event: 1.445 Thread 0x00000204b5e60410 Exception <a 'java/lang/ClassNotFoundException'{0x000000008703d120}: org/springframework/context/ResourceLoaderAwareCustomizer> (0x000000008703d120) 
thrown [t:\workspace\open\src\hotspot\share\classfile\systemDictionary.cpp, line 256]
Event: 1.446 Thread 0x00000204b5e60410 Exception <a 'java/lang/ClassNotFoundException'{0x0000000087042180}: org/springframework/beans/factory/AwareCustomizer> (0x0000000087042180) 
thrown [t:\workspace\open\src\hotspot\share\classfile\systemDictionary.cpp, line 256]
Event: 1.446 Thread 0x00000204b5e60410 Exception <a 'java/lang/ClassNotFoundException'{0x0000000087046238}: org/springframework/context/ApplicationStartupAwareCustomizer> (0x0000000087046238) 
thrown [t:\workspace\open\src\hotspot\share\classfile\systemDictionary.cpp, line 256]
Event: 1.447 Thread 0x00000204b5e60410 Exception <a 'java/lang/ClassNotFoundException'{0x000000008704b520}: org/springframework/beans/factory/AwareCustomizer> (0x000000008704b520) 
thrown [t:\workspace\open\src\hotspot\share\classfile\systemDictionary.cpp, line 256]
Event: 1.447 Thread 0x00000204b5e60410 Exception <a 'java/lang/ClassNotFoundException'{0x000000008704f5f8}: org/springframework/beans/factory/BeanClassLoaderAwareCustomizer> (0x000000008704f5f8) 
thrown [t:\workspace\open\src\hotspot\share\classfile\systemDictionary.cpp, line 256]
Event: 1.448 Thread 0x00000204b5e60410 Exception <a 'java/lang/ClassNotFoundException'{0x0000000087054640}: org/springframework/beans/factory/AwareCustomizer> (0x0000000087054640) 
thrown [t:\workspace\open\src\hotspot\share\classfile\systemDictionary.cpp, line 256]
Event: 1.448 Thread 0x00000204b5e60410 Exception <a 'java/lang/ClassNotFoundException'{0x00000000870584b0}: org/springframework/context/EnvironmentAwareCustomizer> (0x00000000870584b0) 
thrown [t:\workspace\open\src\hotspot\share\classfile\systemDictionary.cpp, line 256]
Event: 1.461 Thread 0x00000204b5e60410 Exception <a 'java/lang/ClassNotFoundException'{0x000000008705d490}: org/springframework/beans/factory/AwareCustomizer> (0x000000008705d490) 
thrown [t:\workspace\open\src\hotspot\share\classfile\systemDictionary.cpp, line 256]
Event: 1.621 Thread 0x00000204b5f61700 Exception <a 'java/lang/NoSuchMethodError'{0x0000000086983af0}: 'java.lang.Object java.lang.invoke.DirectMethodHandle$Holder.invokeStaticInit(java.lang.Object, java.lang.Object, java.lang.Object)'> (0x0000000086983af0) 
thrown [t:\workspace\open\src\hotspot\share\interpreter\linkResolver.cpp, line 766]
Event: 1.621 Thread 0x00000204b5f61700 Exception <a 'java/lang/NoSuchMethodError'{0x00000000869899e0}: 'java.lang.Object java.lang.invoke.DirectMethodHandle$Holder.invokeStaticInit(java.lang.Object, java.lang.Object, java.lang.Object, java.lang.Object, java.lang.Object)'> (0x00000000869899e0) 
thrown [t:\workspace\open\src\hotspot\share\interpreter\linkResolver.cpp, line 766]
Event: 1.891 Thread 0x00000204b5e60410 Exception <a 'java/lang/IncompatibleClassChangeError'{0x0000000088575488}: Found class java.lang.Object, but interface was expected> (0x0000000088575488) 
thrown [t:\workspace\open\src\hotspot\share\interpreter\linkResolver.cpp, line 833]
Event: 2.099 Thread 0x00000204b5e60410 Exception <a 'java/lang/NoSuchMethodError'{0x00000000882eb190}: 'void java.lang.invoke.DirectMethodHandle$Holder.invokeInterface(java.lang.Object, java.lang.Object, java.lang.Object, java.lang.Object)'> (0x00000000882eb190) 
thrown [t:\workspace\open\src\hotspot\share\interpreter\linkResolver.cpp, line 766]

VM Operations (20 events):
Event: 0.934 Executing VM operation: HandshakeAllThreads
Event: 0.935 Executing VM operation: HandshakeAllThreads done
Event: 1.055 Executing VM operation: ICBufferFull
Event: 1.055 Executing VM operation: ICBufferFull done
Event: 1.314 Executing VM operation: HandshakeAllThreads
Event: 1.314 Executing VM operation: HandshakeAllThreads done
Event: 1.326 Executing VM operation: HandshakeAllThreads
Event: 1.326 Executing VM operation: HandshakeAllThreads done
Event: 1.352 Executing VM operation: HandshakeAllThreads
Event: 1.355 Executing VM operation: HandshakeAllThreads done
Event: 1.389 Executing VM operation: HandshakeAllThreads
Event: 1.389 Executing VM operation: HandshakeAllThreads done
Event: 1.480 Executing VM operation: HandshakeAllThreads
Event: 1.481 Executing VM operation: HandshakeAllThreads done
Event: 1.568 Executing VM operation: ICBufferFull
Event: 1.568 Executing VM operation: ICBufferFull done
Event: 1.732 Executing VM operation: G1CollectForAllocation
Event: 1.733 Executing VM operation: G1CollectForAllocation done
Event: 1.734 Executing VM operation: G1CollectForAllocation
Event: 1.741 Executing VM operation: G1CollectForAllocation done

Events (20 events):
Event: 1.638 loading class com/sun/org/apache/xalan/internal/utils/XMLSecurityManager$NameMap
Event: 1.638 loading class com/sun/org/apache/xalan/internal/utils/XMLSecurityManager$NameMap done
Event: 1.638 loading class jdk/xml/internal/JdkProperty
Event: 1.638 loading class jdk/xml/internal/JdkProperty done
Event: 1.677 Thread 0x00000204b5a53090 Thread added: 0x00000204b5a53090
Event: 1.776 loading class java/beans/ConstructorProperties
Event: 1.776 loading class java/beans/ConstructorProperties done
Event: 1.802 loading class sun/text/resources/cldr/FormatData_en
Event: 1.803 loading class sun/text/resources/cldr/FormatData_en done
Event: 1.803 loading class sun/text/resources/cldr/FormatData_en_US
Event: 1.803 loading class sun/text/resources/cldr/FormatData_en_US done
Event: 1.807 loading class java/io/CharArrayReader
Event: 1.807 loading class java/io/CharArrayReader done
Event: 1.849 loading class javax/naming/ldap/LdapContext
Event: 1.849 loading class javax/naming/directory/DirContext
Event: 1.849 loading class javax/naming/directory/DirContext done
Event: 1.849 loading class javax/naming/ldap/LdapContext done
Event: 1.855 loading class java/util/concurrent/atomic/AtomicReference
Event: 1.855 loading class java/util/concurrent/atomic/AtomicReference done
Event: 1.867 Thread 0x00000204b5a53090 Thread exited: 0x00000204b5a53090


Dynamic libraries:
0x00007ff7db890000 - 0x00007ff7db8a0000 	C:\Program Files\Java\jdk-17\bin\javaw.exe
0x00007ffe2b840000 - 0x00007ffe2ba30000 	C:\WINDOWS\SYSTEM32\ntdll.dll
0x00007ffe29d80000 - 0x00007ffe29e32000 	C:\WINDOWS\System32\KERNEL32.DLL
0x00007ffe29380000 - 0x00007ffe29623000 	C:\WINDOWS\System32\KERNELBASE.dll
0x00007ffe288e0000 - 0x00007ffe289da000 	C:\WINDOWS\System32\ucrtbase.dll
0x00007ffe1f710000 - 0x00007ffe1f728000 	C:\Program Files\Java\jdk-17\bin\jli.dll
0x00007ffe22c80000 - 0x00007ffe22c9a000 	C:\Program Files\Java\jdk-17\bin\VCRUNTIME140.dll
0x00007ffe2b480000 - 0x00007ffe2b523000 	C:\WINDOWS\System32\ADVAPI32.dll
0x00007ffe298f0000 - 0x00007ffe2998e000 	C:\WINDOWS\System32\msvcrt.dll
0x00007ffe29ab0000 - 0x00007ffe29b47000 	C:\WINDOWS\System32\sechost.dll
0x00007ffe29990000 - 0x00007ffe29ab0000 	C:\WINDOWS\System32\RPCRT4.dll
0x00007ffe2a2b0000 - 0x00007ffe2a444000 	C:\WINDOWS\System32\USER32.dll
0x00007ffe296d0000 - 0x00007ffe296f1000 	C:\WINDOWS\System32\win32u.dll
0x00007ffe2b450000 - 0x00007ffe2b476000 	C:\WINDOWS\System32\GDI32.dll
0x00007ffe29700000 - 0x00007ffe29894000 	C:\WINDOWS\System32\gdi32full.dll
0x00007ffe29630000 - 0x00007ffe296ce000 	C:\WINDOWS\System32\msvcp_win.dll
0x00007ffe16870000 - 0x00007ffe16af5000 	C:\WINDOWS\WinSxS\amd64_microsoft.windows.common-controls_6595b64144ccf1df_6.0.18362.592_none_e6c0b1911312be02\COMCTL32.dll
0x00007ffe29f10000 - 0x00007ffe2a246000 	C:\WINDOWS\System32\combase.dll
0x00007ffe289e0000 - 0x00007ffe28a60000 	C:\WINDOWS\System32\bcryptPrimitives.dll
0x00007ffe228a0000 - 0x00007ffe228aa000 	C:\WINDOWS\SYSTEM32\VERSION.dll
0x00007ffe2a9e0000 - 0x00007ffe2aa0e000 	C:\WINDOWS\System32\IMM32.DLL
0x00007ffe1f700000 - 0x00007ffe1f70c000 	C:\Program Files\Java\jdk-17\bin\vcruntime140_1.dll
0x00007ffe0ea70000 - 0x00007ffe0eafd000 	C:\Program Files\Java\jdk-17\bin\msvcp140.dll
0x00007ffdf5850000 - 0x00007ffdf640e000 	C:\Program Files\Java\jdk-17\bin\server\jvm.dll
0x00007ffe2a450000 - 0x00007ffe2a458000 	C:\WINDOWS\System32\PSAPI.DLL
0x00007ffe15ae0000 - 0x00007ffe15ae9000 	C:\WINDOWS\SYSTEM32\WSOCK32.dll
0x00007ffe2a4e0000 - 0x00007ffe2a54f000 	C:\WINDOWS\System32\WS2_32.dll
0x00007ffe26090000 - 0x00007ffe260b4000 	C:\WINDOWS\SYSTEM32\WINMM.dll
0x00007ffe26050000 - 0x00007ffe2607d000 	C:\WINDOWS\SYSTEM32\WINMMBASE.dll
0x00007ffe29330000 - 0x00007ffe2937a000 	C:\WINDOWS\System32\cfgmgr32.dll
0x00007ffe28740000 - 0x00007ffe28751000 	C:\WINDOWS\System32\kernel.appcore.dll
0x00007ffe1f6f0000 - 0x00007ffe1f6fa000 	C:\Program Files\Java\jdk-17\bin\jimage.dll
0x00007ffe26ea0000 - 0x00007ffe27094000 	C:\WINDOWS\SYSTEM32\DBGHELP.DLL
0x00007ffe13570000 - 0x00007ffe1359a000 	C:\WINDOWS\SYSTEM32\dbgcore.DLL
0x00007ffe0f630000 - 0x00007ffe0f655000 	C:\Program Files\Java\jdk-17\bin\java.dll
0x00007ffe044b0000 - 0x00007ffe04586000 	C:\Program Files\Java\jdk-17\bin\svml.dll
0x00007ffe2aac0000 - 0x00007ffe2b1a5000 	C:\WINDOWS\System32\SHELL32.dll
0x00007ffe2aa10000 - 0x00007ffe2aab9000 	C:\WINDOWS\System32\shcore.dll
0x00007ffe28bb0000 - 0x00007ffe2932f000 	C:\WINDOWS\System32\windows.storage.dll
0x00007ffe287b0000 - 0x00007ffe287cf000 	C:\WINDOWS\System32\profapi.dll
0x00007ffe28760000 - 0x00007ffe287aa000 	C:\WINDOWS\System32\powrprof.dll
0x00007ffe28710000 - 0x00007ffe28720000 	C:\WINDOWS\System32\UMPDC.dll
0x00007ffe2b7a0000 - 0x00007ffe2b7f2000 	C:\WINDOWS\System32\shlwapi.dll
0x00007ffe298d0000 - 0x00007ffe298e7000 	C:\WINDOWS\System32\cryptsp.dll
0x00007ffe0f4e0000 - 0x00007ffe0f4f9000 	C:\Program Files\Java\jdk-17\bin\net.dll
0x00007ffe1a720000 - 0x00007ffe1a810000 	C:\WINDOWS\SYSTEM32\WINHTTP.dll
0x00007ffe27f80000 - 0x00007ffe27fe7000 	C:\WINDOWS\system32\mswsock.dll
0x00007ffe0f4c0000 - 0x00007ffe0f4d5000 	C:\Program Files\Java\jdk-17\bin\nio.dll
0x00007ffe181f0000 - 0x00007ffe18208000 	C:\Program Files\Java\jdk-17\bin\zip.dll
0x00007ffe15690000 - 0x00007ffe156a0000 	C:\Program Files\Java\jdk-17\bin\verify.dll
0x00007ffe181e0000 - 0x00007ffe181e9000 	C:\Program Files\Java\jdk-17\bin\management.dll
0x00007ffe181d0000 - 0x00007ffe181db000 	C:\Program Files\Java\jdk-17\bin\management_ext.dll
0x00007ffe223f0000 - 0x00007ffe22406000 	C:\WINDOWS\system32\napinsp.dll
0x00007ffe21720000 - 0x00007ffe2173a000 	C:\WINDOWS\system32\pnrpnsp.dll
0x00007ffe27cd0000 - 0x00007ffe27d9a000 	C:\WINDOWS\SYSTEM32\DNSAPI.dll
0x00007ffe2a460000 - 0x00007ffe2a468000 	C:\WINDOWS\System32\NSI.dll
0x00007ffe27c90000 - 0x00007ffe27cca000 	C:\WINDOWS\SYSTEM32\IPHLPAPI.DLL
0x00007ffe22cd0000 - 0x00007ffe22cde000 	C:\WINDOWS\System32\winrnr.dll
0x00007ffe24790000 - 0x00007ffe247ac000 	C:\WINDOWS\system32\NLAapi.dll
0x00007ffe23510000 - 0x00007ffe23525000 	C:\WINDOWS\system32\wshbth.dll
0x00007ffe1a580000 - 0x00007ffe1a58a000 	C:\Windows\System32\rasadhlp.dll
0x00007ffe1bb90000 - 0x00007ffe1bc07000 	C:\WINDOWS\System32\fwpuclnt.dll
0x00007ffe298a0000 - 0x00007ffe298c6000 	C:\WINDOWS\System32\bcrypt.dll

dbghelp: loaded successfully - version: 4.0.5 - missing functions: none
symbol engine: initialized successfully - sym options: 0x614 - pdb path: .;C:\Program Files\Java\jdk-17\bin;C:\WINDOWS\SYSTEM32;C:\WINDOWS\WinSxS\amd64_microsoft.windows.common-controls_6595b64144ccf1df_6.0.18362.592_none_e6c0b1911312be02;C:\Program Files\Java\jdk-17\bin\server

VM Arguments:
jvm_args: -Dfile.encoding=UTF-8 -XX:+ShowCodeDetailsInExceptionMessages 
java_command: cafe.axolotlcafe.AxolotlcafeApplication
java_class_path (initial): C:\javacamp\axolotlcafe\target\classes;C:\Users\asus\.m2\repository\org\springframework\boot\spring-boot-starter-data-jpa\2.6.1\spring-boot-starter-data-jpa-2.6.1.jar;C:\Users\asus\.m2\repository\org\springframework\boot\spring-boot-starter-aop\2.6.1\spring-boot-starter-aop-2.6.1.jar;C:\Users\asus\.m2\repository\org\springframework\spring-aop\5.3.13\spring-aop-5.3.13.jar;C:\Users\asus\.m2\repository\org\aspectj\aspectjweaver\1.9.7\aspectjweaver-1.9.7.jar;C:\Users\asus\.m2\repository\org\springframework\boot\spring-boot-starter-jdbc\2.6.1\spring-boot-starter-jdbc-2.6.1.jar;C:\Users\asus\.m2\repository\com\zaxxer\HikariCP\4.0.3\HikariCP-4.0.3.jar;C:\Users\asus\.m2\repository\org\springframework\spring-jdbc\5.3.13\spring-jdbc-5.3.13.jar;C:\Users\asus\.m2\repository\jakarta\transaction\jakarta.transaction-api\1.3.3\jakarta.transaction-api-1.3.3.jar;C:\Users\asus\.m2\repository\jakarta\persistence\jakarta.persistence-api\2.2.3\jakarta.persistence-api-2.2.3.jar;C:\Users\asus\.m2\repository\org\hibernate\hibernate-core\5.6.1.Final\hibernate-core-5.6.1.Final.jar;C:\Users\asus\.m2\repository\org\jboss\logging\jboss-logging\3.4.2.Final\jboss-logging-3.4.2.Final.jar;C:\Users\asus\.m2\repository\net\bytebuddy\byte-buddy\1.11.22\byte-buddy-1.11.22.jar;C:\Users\asus\.m2\repository\antlr\antlr\2.7.7\antlr-2.7.7.jar;C:\Users\asus\.m2\repository\org\jboss\jandex\2.2.3.Final\jandex-2.2.3.Final.jar;C:\Users\asus\.m2\repository\com\fasterxml\classmate\1.5.1\classmate-1.5.1.jar;C:\Users\asus\.m2\repository\org\hibernate\common\hibernate-commons-annotations\5.1.2.Final\hibernate-commons-annotations-5.1.2.Final.jar;C:\Users\asus\.m2\repository\org\glassfish\jaxb\jaxb-runtime\2.3.5\jaxb-runtime-2.3.5.jar;C:\Users\asus\.m2\repository\org\glassfish\jaxb\txw2\2.3.5\txw2-2.3.5.jar;C:\Users\asus\.m2\repository\com\sun\istack\istack-commons-runtime\3.0.12\istack-commons-runtime-3.0.12.jar;C:\Users\asus\.m2\repository\com\sun\activation\jakarta.activation\1.2.2\jakart
Launcher Type: SUN_STANDARD

[Global flags]
     intx CICompilerCount                          = 3                                         {product} {ergonomic}
     uint ConcGCThreads                            = 1                                         {product} {ergonomic}
     uint G1ConcRefinementThreads                  = 4                                         {product} {ergonomic}
   size_t G1HeapRegionSize                         = 1048576                                   {product} {ergonomic}
    uintx GCDrainStackTargetSize                   = 64                                        {product} {ergonomic}
   size_t InitialHeapSize                          = 134217728                                 {product} {ergonomic}
   size_t MarkStackSize                            = 4194304                                   {product} {ergonomic}
   size_t MaxHeapSize                              = 2118123520                                {product} {ergonomic}
   size_t MaxNewSize                               = 1270874112                                {product} {ergonomic}
   size_t MinHeapDeltaBytes                        = 1048576                                   {product} {ergonomic}
   size_t MinHeapSize                              = 8388608                                   {product} {ergonomic}
    uintx NonNMethodCodeHeapSize                   = 5832780                                {pd product} {ergonomic}
    uintx NonProfiledCodeHeapSize                  = 122912730                              {pd product} {ergonomic}
    uintx ProfiledCodeHeapSize                     = 122912730                              {pd product} {ergonomic}
    uintx ReservedCodeCacheSize                    = 251658240                              {pd product} {ergonomic}
     bool SegmentedCodeCache                       = true                                      {product} {ergonomic}
     bool ShowCodeDetailsInExceptionMessages       = true                                   {manageable} {command line}
   size_t SoftMaxHeapSize                          = 2118123520                             {manageable} {ergonomic}
     bool UseCompressedClassPointers               = true                           {product lp64_product} {ergonomic}
     bool UseCompressedOops                        = true                           {product lp64_product} {ergonomic}
     bool UseG1GC                                  = true                                      {product} {ergonomic}
     bool UseLargePagesIndividualAllocation        = false                                  {pd product} {ergonomic}

Logging:
Log output configuration:
 #0: stdout all=warning uptime,level,tags
 #1: stderr all=off uptime,level,tags

Environment Variables:
PATH=C:\Program Files (x86)\VMware\VMware Player\bin\;C:\Program Files\Common Files\Oracle\Java\javapath;C:\Program Files (x86)\Common Files\Oracle\Java\javapath;C:\Program Files (x86)\Intel\iCLS Client\;C:\Program Files\Intel\iCLS Client\;C:\Windows\system32;C:\Windows;C:\Windows\System32\Wbem;C:\Windows\System32\WindowsPowerShell\v1.0\;C:\Program Files (x86)\NVIDIA Corporation\PhysX\Common;C:\Program Files (x86)\Intel\Intel(R) Management Engine Components\DAL;C:\Program Files\Intel\Intel(R) Management Engine Components\DAL;C:\Program Files (x86)\Intel\Intel(R) Management Engine Components\IPT;C:\Program Files\Intel\Intel(R) Management Engine Components\IPT;C:\WINDOWS\system32;C:\WINDOWS;C:\WINDOWS\System32\Wbem;C:\WINDOWS\System32\WindowsPowerShell\v1.0\;C:\WINDOWS\System32\OpenSSH\;c:\Program Files (x86)\Microsoft SQL Server\100\Tools\Binn\;c:\Program Files\Microsoft SQL Server\100\Tools\Binn\;c:\Program Files\Microsoft SQL Server\100\DTS\Binn\;C:\Users\asus\AppData\Local\Programs\Python\Python39;C:\Users\asus\AppData\Local\Programs\Python\Python39\Scripts;C:\Program Files\Microsoft SQL Server\130\Tools\Binn\;C:\opencv\opencv\build\x64\vc11\bin;C:\opencv\opencv\build\x64\vc11\lib;C:\Program Files\nodejs\;C:\Users\asus\anaconda3;C:\Users\asus\anaconda3\Library\mingw-w64\bin;C:\Users\asus\anaconda3\Library\usr\bin;C:\Users\asus\anaconda3\Library\bin;C:\Users\asus\anaconda3\Scripts;C:\Users\asus\AppData\Local\Microsoft\WindowsApps;C:\Users\asus\AppData\Local\Programs\Microsoft VS Code\bin;C:\Users\asus\AppData\Roaming\npm
USERNAME=asus
OS=Windows_NT
PROCESSOR_IDENTIFIER=Intel64 Family 6 Model 142 Stepping 9, GenuineIntel



---------------  S Y S T E M  ---------------

OS:
 Windows 10 , 64 bit Build 18362 (10.0.18362.329)
OS uptime: 4 days 3:34 hours

CPU: total 4 (initial active 4) (2 cores per cpu, 2 threads per core) family 6 model 142 stepping 9 microcode 0xb4, cx8, cmov, fxsr, ht, mmx, 3dnowpref, sse, sse2, sse3, ssse3, sse4.1, sse4.2, popcnt, lzcnt, tsc, tscinvbit, avx, avx2, aes, erms, clmul, bmi1, bmi2, adx, fma, vzeroupper, clflush, clflushopt

Memory: 4k page, system-wide physical 8078M (720M free)
TotalPageFile size 8078M (AvailPageFile size 1M)
current process WorkingSet (physical memory assigned to process): 174M, peak: 174M
current process commit charge ("private bytes"): 255M, peak: 257M

vm_info: Java HotSpot(TM) 64-Bit Server VM (17+35-LTS-2724) for windows-amd64 JRE (17+35-LTS-2724), built on Aug  5 2021 23:28:28 by "mach5one" with MS VC++ 16.8 (VS2019)

END.
