#
# There is insufficient memory for the Java Runtime Environment to continue.
# Native memory allocation (mmap) failed to map 134217728 bytes for G1 virtual space
# Possible reasons:
#   The system is out of physical RAM or swap space
#   The process is running with CompressedOops enabled, and the Java Heap may be blocking the growth of the native heap
# Possible solutions:
#   Reduce memory load on the system
#   Increase physical memory or swap space
#   Check if swap backing store is full
#   Decrease Java heap size (-Xmx/-Xms)
#   Decrease number of Java threads
#   Decrease Java thread stack sizes (-Xss)
#   Set larger code cache with -XX:ReservedCodeCacheSize=
#   JVM is running with Unscaled Compressed Oops mode in which the Java heap is
#     placed in the first 4GB address space. The Java Heap base address is the
#     maximum limit for the native heap growth. Please use -XX:HeapBaseMinAddress
#     to set the Java Heap base and to place the Java Heap above 4GB virtual address.
# This output file may be truncated or incomplete.
#
#  Out of Memory Error (os_windows.cpp:3469), pid=10812, tid=6880
#
# JRE version:  (17.0+35) (build )
# Java VM: Java HotSpot(TM) 64-Bit Server VM (17+35-LTS-2724, mixed mode, sharing, tiered, compressed oops, compressed class ptrs, g1 gc, windows-amd64)
# No core dump will be written. Minidumps are not enabled by default on client versions of Windows
#

---------------  S U M M A R Y ------------

Command Line: -Dfile.encoding=UTF-8 -XX:+ShowCodeDetailsInExceptionMessages cafe.axolotlcafe.AxolotlcafeApplication

Host: Intel(R) Core(TM) i7-7500U CPU @ 2.70GHz, 4 cores, 7G,  Windows 10 , 64 bit Build 18362 (10.0.18362.329)
Time: Thu Dec  9 17:34:57 2021 Türkiye Standart Saati elapsed time: 0.276209 seconds (0d 0h 0m 0s)

---------------  T H R E A D  ---------------

Current thread (0x000002bc49f8a5f0):  JavaThread "Unknown thread" [_thread_in_vm, id=6880, stack(0x000000f4a6c00000,0x000000f4a6d00000)]

Stack: [0x000000f4a6c00000,0x000000f4a6d00000]
Native frames: (J=compiled Java code, j=interpreted, Vv=VM code, C=native code)
V  [jvm.dll+0x66f8ea]
V  [jvm.dll+0x7ce224]
V  [jvm.dll+0x7cf9ce]
V  [jvm.dll+0x7d0033]
V  [jvm.dll+0x242bb5]
V  [jvm.dll+0x66c909]
V  [jvm.dll+0x6613d2]
V  [jvm.dll+0x30082b]
V  [jvm.dll+0x307db6]
V  [jvm.dll+0x357a0e]
V  [jvm.dll+0x357c3f]
V  [jvm.dll+0x2d7ae8]
V  [jvm.dll+0x2d8a54]
V  [jvm.dll+0x7a00a1]
V  [jvm.dll+0x365781]
V  [jvm.dll+0x77f59c]
V  [jvm.dll+0x3e805f]
V  [jvm.dll+0x3e9b01]
C  [jli.dll+0x527b]
C  [ucrtbase.dll+0x20e72]
C  [KERNEL32.DLL+0x17bd4]
C  [ntdll.dll+0x6ced1]


---------------  P R O C E S S  ---------------

Threads class SMR info:
_java_thread_list=0x00007ffee4737818, length=0, elements={
}

Java Threads: ( => current thread )

Other Threads:
  0x000002bc4a006880 GCTaskThread "GC Thread#0" [stack: 0x000000f4a6d00000,0x000000f4a6e00000] [id=10796]
  0x000002bc4a018450 ConcurrentGCThread "G1 Main Marker" [stack: 0x000000f4a6e00000,0x000000f4a6f00000] [id=7208]
  0x000002bc4a019740 ConcurrentGCThread "G1 Conc#0" [stack: 0x000000f4a6f00000,0x000000f4a7000000] [id=4276]

[error occurred during error reporting (printing all threads), id 0xc0000005, EXCEPTION_ACCESS_VIOLATION (0xc0000005) at pc=0x00007ffee3f884c7]

VM state: not at safepoint (not fully initialized)

VM Mutex/Monitor currently owned by a thread:  ([mutex/lock_event])
[0x000002bc49fca800] Heap_lock - owner thread: 0x000002bc49f8a5f0

Heap address: 0x0000000081c00000, size: 2020 MB, Compressed Oops mode: 32-bit

CDS archive(s) mapped at: [0x0000000000000000-0x0000000000000000-0x0000000000000000), size 0, SharedBaseAddress: 0x0000000800000000, ArchiveRelocationMode: 0.
Narrow klass base: 0x0000000000000000, Narrow klass shift: 0, Narrow klass range: 0x0

GC Precious Log:
<Empty>

Heap:
 garbage-first heap   total 0K, used 0K [0x0000000081c00000, 0x0000000100000000)
  region size 1024K, 0 young (0K), 0 survivors (0K)

[error occurred during error reporting (printing heap information), id 0xc0000005, EXCEPTION_ACCESS_VIOLATION (0xc0000005) at pc=0x00007ffee4368c59]

GC Heap History (0 events):
No events

Deoptimization events (0 events):
No events

Classes unloaded (0 events):
No events

Classes redefined (0 events):
No events

Internal exceptions (0 events):
No events

VM Operations (0 events):
No events

Events (1 events):
Event: 0.121 Loaded shared library C:\Program Files\Java\jdk-17\bin\java.dll


Dynamic libraries:
0x00007ff605720000 - 0x00007ff605730000 	C:\Program Files\Java\jdk-17\bin\javaw.exe
0x00007fff146a0000 - 0x00007fff14890000 	C:\WINDOWS\SYSTEM32\ntdll.dll
0x00007fff13210000 - 0x00007fff132c2000 	C:\WINDOWS\System32\KERNEL32.DLL
0x00007fff11a30000 - 0x00007fff11cd3000 	C:\WINDOWS\System32\KERNELBASE.dll
0x00007fff11ce0000 - 0x00007fff11dda000 	C:\WINDOWS\System32\ucrtbase.dll
0x00007fff0da60000 - 0x00007fff0da78000 	C:\Program Files\Java\jdk-17\bin\jli.dll
0x00007fff13f50000 - 0x00007fff13ff3000 	C:\WINDOWS\System32\ADVAPI32.dll
0x00007fff132f0000 - 0x00007fff1338e000 	C:\WINDOWS\System32\msvcrt.dll
0x00007fff13020000 - 0x00007fff130b7000 	C:\WINDOWS\System32\sechost.dll
0x00007fff13e30000 - 0x00007fff13f50000 	C:\WINDOWS\System32\RPCRT4.dll
0x00007fff13790000 - 0x00007fff13924000 	C:\WINDOWS\System32\USER32.dll
0x00007fff11910000 - 0x00007fff11931000 	C:\WINDOWS\System32\win32u.dll
0x00007fff145b0000 - 0x00007fff145d6000 	C:\WINDOWS\System32\GDI32.dll
0x00007fff11710000 - 0x00007fff118a4000 	C:\WINDOWS\System32\gdi32full.dll
0x00007fff11940000 - 0x00007fff119de000 	C:\WINDOWS\System32\msvcp_win.dll
0x00007fff09080000 - 0x00007fff0909a000 	C:\Program Files\Java\jdk-17\bin\VCRUNTIME140.dll
0x00007ffeff970000 - 0x00007ffeffbf5000 	C:\WINDOWS\WinSxS\amd64_microsoft.windows.common-controls_6595b64144ccf1df_6.0.18362.592_none_e6c0b1911312be02\COMCTL32.dll
0x00007fff14170000 - 0x00007fff144a6000 	C:\WINDOWS\System32\combase.dll
0x00007fff126d0000 - 0x00007fff12750000 	C:\WINDOWS\System32\bcryptPrimitives.dll
0x00007fff045f0000 - 0x00007fff045fa000 	C:\WINDOWS\SYSTEM32\VERSION.dll
0x00007fff144b0000 - 0x00007fff144de000 	C:\WINDOWS\System32\IMM32.DLL
0x00007fff0f350000 - 0x00007fff0f35c000 	C:\Program Files\Java\jdk-17\bin\vcruntime140_1.dll
0x00007ffef8b60000 - 0x00007ffef8bed000 	C:\Program Files\Java\jdk-17\bin\msvcp140.dll
0x00007ffee3ca0000 - 0x00007ffee485e000 	C:\Program Files\Java\jdk-17\bin\server\jvm.dll
0x00007fff130c0000 - 0x00007fff130c8000 	C:\WINDOWS\System32\PSAPI.DLL
0x00007ffefd8e0000 - 0x00007ffefd8e9000 	C:\WINDOWS\SYSTEM32\WSOCK32.dll
0x00007fff144e0000 - 0x00007fff1454f000 	C:\WINDOWS\System32\WS2_32.dll
0x00007fff0f200000 - 0x00007fff0f224000 	C:\WINDOWS\SYSTEM32\WINMM.dll
0x00007fff0f1d0000 - 0x00007fff0f1fd000 	C:\WINDOWS\SYSTEM32\WINMMBASE.dll
0x00007fff119e0000 - 0x00007fff11a2a000 	C:\WINDOWS\System32\cfgmgr32.dll
0x00007fff115f0000 - 0x00007fff11601000 	C:\WINDOWS\System32\kernel.appcore.dll
0x00007fff0da40000 - 0x00007fff0da4a000 	C:\Program Files\Java\jdk-17\bin\jimage.dll
0x00007fff0fe40000 - 0x00007fff10034000 	C:\WINDOWS\SYSTEM32\DBGHELP.DLL
0x00007ffefbd20000 - 0x00007ffefbd4a000 	C:\WINDOWS\SYSTEM32\dbgcore.DLL
0x00007fff00920000 - 0x00007fff00945000 	C:\Program Files\Java\jdk-17\bin\java.dll

dbghelp: loaded successfully - version: 4.0.5 - missing functions: none
symbol engine: initialized successfully - sym options: 0x614 - pdb path: .;C:\Program Files\Java\jdk-17\bin;C:\WINDOWS\SYSTEM32;C:\WINDOWS\WinSxS\amd64_microsoft.windows.common-controls_6595b64144ccf1df_6.0.18362.592_none_e6c0b1911312be02;C:\Program Files\Java\jdk-17\bin\server

VM Arguments:
jvm_args: -Dfile.encoding=UTF-8 -XX:+ShowCodeDetailsInExceptionMessages 
java_command: cafe.axolotlcafe.AxolotlcafeApplication
java_class_path (initial): C:\javacamp\axolotlcafe\target\classes;C:\Users\asus\.m2\repository\org\springframework\boot\spring-boot-starter-data-jpa\2.6.1\spring-boot-starter-data-jpa-2.6.1.jar;C:\Users\asus\.m2\repository\org\springframework\boot\spring-boot-starter-aop\2.6.1\spring-boot-starter-aop-2.6.1.jar;C:\Users\asus\.m2\repository\org\springframework\spring-aop\5.3.13\spring-aop-5.3.13.jar;C:\Users\asus\.m2\repository\org\aspectj\aspectjweaver\1.9.7\aspectjweaver-1.9.7.jar;C:\Users\asus\.m2\repository\org\springframework\boot\spring-boot-starter-jdbc\2.6.1\spring-boot-starter-jdbc-2.6.1.jar;C:\Users\asus\.m2\repository\com\zaxxer\HikariCP\4.0.3\HikariCP-4.0.3.jar;C:\Users\asus\.m2\repository\org\springframework\spring-jdbc\5.3.13\spring-jdbc-5.3.13.jar;C:\Users\asus\.m2\repository\jakarta\transaction\jakarta.transaction-api\1.3.3\jakarta.transaction-api-1.3.3.jar;C:\Users\asus\.m2\repository\jakarta\persistence\jakarta.persistence-api\2.2.3\jakarta.persistence-api-2.2.3.jar;C:\Users\asus\.m2\repository\org\hibernate\hibernate-core\5.6.1.Final\hibernate-core-5.6.1.Final.jar;C:\Users\asus\.m2\repository\org\jboss\logging\jboss-logging\3.4.2.Final\jboss-logging-3.4.2.Final.jar;C:\Users\asus\.m2\repository\net\bytebuddy\byte-buddy\1.11.22\byte-buddy-1.11.22.jar;C:\Users\asus\.m2\repository\antlr\antlr\2.7.7\antlr-2.7.7.jar;C:\Users\asus\.m2\repository\org\jboss\jandex\2.2.3.Final\jandex-2.2.3.Final.jar;C:\Users\asus\.m2\repository\com\fasterxml\classmate\1.5.1\classmate-1.5.1.jar;C:\Users\asus\.m2\repository\org\hibernate\common\hibernate-commons-annotations\5.1.2.Final\hibernate-commons-annotations-5.1.2.Final.jar;C:\Users\asus\.m2\repository\org\glassfish\jaxb\jaxb-runtime\2.3.5\jaxb-runtime-2.3.5.jar;C:\Users\asus\.m2\repository\org\glassfish\jaxb\txw2\2.3.5\txw2-2.3.5.jar;C:\Users\asus\.m2\repository\com\sun\istack\istack-commons-runtime\3.0.12\istack-commons-runtime-3.0.12.jar;C:\Users\asus\.m2\repository\com\sun\activation\jakarta.activation\1.2.2\jakart
Launcher Type: SUN_STANDARD

[Global flags]
     intx CICompilerCount                          = 3                                         {product} {ergonomic}
     uint ConcGCThreads                            = 1                                         {product} {ergonomic}
     uint G1ConcRefinementThreads                  = 4                                         {product} {ergonomic}
   size_t G1HeapRegionSize                         = 1048576                                   {product} {ergonomic}
    uintx GCDrainStackTargetSize                   = 64                                        {product} {ergonomic}
   size_t InitialHeapSize                          = 134217728                                 {product} {ergonomic}
   size_t MarkStackSize                            = 4194304                                   {product} {ergonomic}
   size_t MaxHeapSize                              = 2118123520                                {product} {ergonomic}
   size_t MinHeapDeltaBytes                        = 1048576                                   {product} {ergonomic}
   size_t MinHeapSize                              = 8388608                                   {product} {ergonomic}
    uintx NonNMethodCodeHeapSize                   = 5832780                                {pd product} {ergonomic}
    uintx NonProfiledCodeHeapSize                  = 122912730                              {pd product} {ergonomic}
    uintx ProfiledCodeHeapSize                     = 122912730                              {pd product} {ergonomic}
    uintx ReservedCodeCacheSize                    = 251658240                              {pd product} {ergonomic}
     bool SegmentedCodeCache                       = true                                      {product} {ergonomic}
     bool ShowCodeDetailsInExceptionMessages       = true                                   {manageable} {command line}
   size_t SoftMaxHeapSize                          = 2118123520                             {manageable} {ergonomic}
     bool UseCompressedClassPointers               = true                           {product lp64_product} {ergonomic}
     bool UseCompressedOops                        = true                           {product lp64_product} {ergonomic}
     bool UseG1GC                                  = true                                      {product} {ergonomic}
     bool UseLargePagesIndividualAllocation        = false                                  {pd product} {ergonomic}

Logging:
Log output configuration:
 #0: stdout all=warning uptime,level,tags
 #1: stderr all=off uptime,level,tags

Environment Variables:
PATH=C:\Program Files (x86)\VMware\VMware Player\bin\;C:\Program Files\Common Files\Oracle\Java\javapath;C:\Program Files (x86)\Common Files\Oracle\Java\javapath;C:\Program Files (x86)\Intel\iCLS Client\;C:\Program Files\Intel\iCLS Client\;C:\Windows\system32;C:\Windows;C:\Windows\System32\Wbem;C:\Windows\System32\WindowsPowerShell\v1.0\;C:\Program Files (x86)\NVIDIA Corporation\PhysX\Common;C:\Program Files (x86)\Intel\Intel(R) Management Engine Components\DAL;C:\Program Files\Intel\Intel(R) Management Engine Components\DAL;C:\Program Files (x86)\Intel\Intel(R) Management Engine Components\IPT;C:\Program Files\Intel\Intel(R) Management Engine Components\IPT;C:\WINDOWS\system32;C:\WINDOWS;C:\WINDOWS\System32\Wbem;C:\WINDOWS\System32\WindowsPowerShell\v1.0\;C:\WINDOWS\System32\OpenSSH\;c:\Program Files (x86)\Microsoft SQL Server\100\Tools\Binn\;c:\Program Files\Microsoft SQL Server\100\Tools\Binn\;c:\Program Files\Microsoft SQL Server\100\DTS\Binn\;C:\Users\asus\AppData\Local\Programs\Python\Python39;C:\Users\asus\AppData\Local\Programs\Python\Python39\Scripts;C:\Program Files\Microsoft SQL Server\130\Tools\Binn\;C:\opencv\opencv\build\x64\vc11\bin;C:\opencv\opencv\build\x64\vc11\lib;C:\Program Files\nodejs\;C:\Users\asus\anaconda3;C:\Users\asus\anaconda3\Library\mingw-w64\bin;C:\Users\asus\anaconda3\Library\usr\bin;C:\Users\asus\anaconda3\Library\bin;C:\Users\asus\anaconda3\Scripts;C:\Users\asus\AppData\Local\Microsoft\WindowsApps;C:\Users\asus\AppData\Local\Programs\Microsoft VS Code\bin;C:\Users\asus\AppData\Roaming\npm
USERNAME=asus
OS=Windows_NT
PROCESSOR_IDENTIFIER=Intel64 Family 6 Model 142 Stepping 9, GenuineIntel



---------------  S Y S T E M  ---------------

OS:
 Windows 10 , 64 bit Build 18362 (10.0.18362.329)
OS uptime: 0 days 2:05 hours

CPU: total 4 (initial active 4) (2 cores per cpu, 2 threads per core) family 6 model 142 stepping 9 microcode 0xb4, cx8, cmov, fxsr, ht, mmx, 3dnowpref, sse, sse2, sse3, ssse3, sse4.1, sse4.2, popcnt, lzcnt, tsc, tscinvbit, avx, avx2, aes, erms, clmul, bmi1, bmi2, adx, fma, vzeroupper, clflush, clflushopt

Memory: 4k page, system-wide physical 8078M (2476M free)
TotalPageFile size 8078M (AvailPageFile size 57M)
current process WorkingSet (physical memory assigned to process): 10M, peak: 10M
current process commit charge ("private bytes"): 51M, peak: 179M

vm_info: Java HotSpot(TM) 64-Bit Server VM (17+35-LTS-2724) for windows-amd64 JRE (17+35-LTS-2724), built on Aug  5 2021 23:28:28 by "mach5one" with MS VC++ 16.8 (VS2019)

END.
