#
# There is insufficient memory for the Java Runtime Environment to continue.
# Native memory allocation (malloc) failed to allocate 33296 bytes for Chunk::new
# Possible reasons:
#   The system is out of physical RAM or swap space
#   The process is running with CompressedOops enabled, and the Java Heap may be blocking the growth of the native heap
# Possible solutions:
#   Reduce memory load on the system
#   Increase physical memory or swap space
#   Check if swap backing store is full
#   Decrease Java heap size (-Xmx/-Xms)
#   Decrease number of Java threads
#   Decrease Java thread stack sizes (-Xss)
#   Set larger code cache with -XX:ReservedCodeCacheSize=
#   JVM is running with Unscaled Compressed Oops mode in which the Java heap is
#     placed in the first 4GB address space. The Java Heap base address is the
#     maximum limit for the native heap growth. Please use -XX:HeapBaseMinAddress
#     to set the Java Heap base and to place the Java Heap above 4GB virtual address.
# This output file may be truncated or incomplete.
#
#  Out of Memory Error (arena.cpp:189), pid=11308, tid=7184
#
# JRE version: Java(TM) SE Runtime Environment (17.0+35) (build 17+35-LTS-2724)
# Java VM: Java HotSpot(TM) 64-Bit Server VM (17+35-LTS-2724, mixed mode, sharing, tiered, compressed oops, compressed class ptrs, g1 gc, windows-amd64)
# No core dump will be written. Minidumps are not enabled by default on client versions of Windows
#

---------------  S U M M A R Y ------------

Command Line: -Dfile.encoding=UTF-8 -XX:+ShowCodeDetailsInExceptionMessages cafe.axolotlcafe.AxolotlcafeApplication

Host: Intel(R) Core(TM) i7-7500U CPU @ 2.70GHz, 4 cores, 7G,  Windows 10 , 64 bit Build 18362 (10.0.18362.329)
Time: Fri Dec 17 00:38:39 2021 Türkiye Standart Saati elapsed time: 136.878248 seconds (0d 0h 2m 16s)

---------------  T H R E A D  ---------------

Current thread (0x000001f3b40fbcf0):  JavaThread "C2 CompilerThread0" daemon [_thread_in_native, id=7184, stack(0x000000d347e00000,0x000000d347f00000)]


Current CompileTask:
C2: 136878 4983       4       org.springframework.boot.devtools.filewatch.FileSnapshot::equals (110 bytes)

Stack: [0x000000d347e00000,0x000000d347f00000]
Native frames: (J=compiled Java code, j=interpreted, Vv=VM code, C=native code)
V  [jvm.dll+0x66f8ea]
V  [jvm.dll+0x7ce224]
V  [jvm.dll+0x7cf9ce]
V  [jvm.dll+0x7d0033]
V  [jvm.dll+0x242bb5]
V  [jvm.dll+0xaa05b]
V  [jvm.dll+0xaa5ec]
V  [jvm.dll+0x35f9a2]
V  [jvm.dll+0x1b94b5]
V  [jvm.dll+0x215df9]
V  [jvm.dll+0x2150c1]
V  [jvm.dll+0x1a168d]
V  [jvm.dll+0x2248f8]
V  [jvm.dll+0x222a5c]
V  [jvm.dll+0x78422b]
V  [jvm.dll+0x77e7ea]
V  [jvm.dll+0x66e715]
C  [ucrtbase.dll+0x20e72]
C  [KERNEL32.DLL+0x17bd4]
C  [ntdll.dll+0x6ced1]


---------------  P R O C E S S  ---------------

Threads class SMR info:
_java_thread_list=0x000001f3b9099250, length=26, elements={
0x000001f3b40d0a00, 0x000001f3b40d4070, 0x000001f3b40e5cc0, 0x000001f3b40e96a0,
0x000001f3b40e9f60, 0x000001f3b40f27e0, 0x000001f3b40fbcf0, 0x000001f3b40fe2c0,
0x000001f3b4110bd0, 0x000001f3b40f0b00, 0x000001f3b40eee20, 0x000001f3b40f0630,
0x000001f3b40f0fd0, 0x000001f3b40efc90, 0x000001f3b40f1970, 0x000001f3b823eae0,
0x000001f3b823bac0, 0x000001f3b82407c0, 0x000001f3b823f950, 0x000001f3b823efb0,
0x000001f3b823fe20, 0x000001f3b823c930, 0x000001f3b823e140, 0x000001f3b82402f0,
0x000001f3b8240c90, 0x000001f3b823ce00
}

Java Threads: ( => current thread )
  0x000001f3b40d0a00 JavaThread "Reference Handler" daemon [_thread_blocked, id=2152, stack(0x000000d347800000,0x000000d347900000)]
  0x000001f3b40d4070 JavaThread "Finalizer" daemon [_thread_blocked, id=6088, stack(0x000000d347900000,0x000000d347a00000)]
  0x000001f3b40e5cc0 JavaThread "Signal Dispatcher" daemon [_thread_blocked, id=17400, stack(0x000000d347a00000,0x000000d347b00000)]
  0x000001f3b40e96a0 JavaThread "Attach Listener" daemon [_thread_blocked, id=15684, stack(0x000000d347b00000,0x000000d347c00000)]
  0x000001f3b40e9f60 JavaThread "Service Thread" daemon [_thread_blocked, id=992, stack(0x000000d347c00000,0x000000d347d00000)]
  0x000001f3b40f27e0 JavaThread "Monitor Deflation Thread" daemon [_thread_blocked, id=14500, stack(0x000000d347d00000,0x000000d347e00000)]
=>0x000001f3b40fbcf0 JavaThread "C2 CompilerThread0" daemon [_thread_in_native, id=7184, stack(0x000000d347e00000,0x000000d347f00000)]
  0x000001f3b40fe2c0 JavaThread "C1 CompilerThread0" daemon [_thread_blocked, id=16044, stack(0x000000d347f00000,0x000000d348000000)]
  0x000001f3b4110bd0 JavaThread "Sweeper thread" daemon [_thread_blocked, id=9288, stack(0x000000d348000000,0x000000d348100000)]
  0x000001f3b40f0b00 JavaThread "Notification Thread" daemon [_thread_blocked, id=11256, stack(0x000000d348100000,0x000000d348200000)]
  0x000001f3b40eee20 JavaThread "Common-Cleaner" daemon [_thread_blocked, id=15312, stack(0x000000d348300000,0x000000d348400000)]
  0x000001f3b40f0630 JavaThread "Catalina-utility-1" [_thread_blocked, id=16400, stack(0x000000d348b00000,0x000000d348c00000)]
  0x000001f3b40f0fd0 JavaThread "Catalina-utility-2" [_thread_blocked, id=6600, stack(0x000000d348c00000,0x000000d348d00000)]
  0x000001f3b40efc90 JavaThread "container-0" [_thread_blocked, id=13416, stack(0x000000d348d00000,0x000000d348e00000)]
  0x000001f3b40f1970 JavaThread "HikariPool-1 housekeeper" daemon [_thread_blocked, id=14888, stack(0x000000d348f00000,0x000000d349000000)]
  0x000001f3b823eae0 JavaThread "File Watcher" daemon [_thread_blocked, id=5660, stack(0x000000d349100000,0x000000d349200000)]
  0x000001f3b823bac0 JavaThread "Live Reload Server" daemon [_thread_in_native, id=4716, stack(0x000000d349300000,0x000000d349400000)]
  0x000001f3b82407c0 JavaThread "http-nio-8080-Poller" daemon [_thread_in_native, id=16520, stack(0x000000d349200000,0x000000d349300000)]
  0x000001f3b823f950 JavaThread "http-nio-8080-Acceptor" daemon [_thread_in_native, id=14064, stack(0x000000d349400000,0x000000d349500000)]
  0x000001f3b823efb0 JavaThread "DestroyJavaVM" [_thread_blocked, id=6200, stack(0x000000d347100000,0x000000d347200000)]
  0x000001f3b823fe20 JavaThread "http-nio-8080-exec-1" daemon [_thread_blocked, id=1636, stack(0x000000d348400000,0x000000d348500000)]
  0x000001f3b823c930 JavaThread "http-nio-8080-exec-2" daemon [_thread_blocked, id=10936, stack(0x000000d348900000,0x000000d348a00000)]
  0x000001f3b823e140 JavaThread "http-nio-8080-exec-3" daemon [_thread_blocked, id=16680, stack(0x000000d348a00000,0x000000d348b00000)]
  0x000001f3b82402f0 JavaThread "http-nio-8080-exec-4" daemon [_thread_blocked, id=14868, stack(0x000000d346f00000,0x000000d347000000)]
  0x000001f3b8240c90 JavaThread "http-nio-8080-exec-5" daemon [_thread_blocked, id=15292, stack(0x000000d347000000,0x000000d347100000)]
  0x000001f3b823ce00 JavaThread "http-nio-8080-exec-6" daemon [_thread_blocked, id=14944, stack(0x000000d349500000,0x000000d349600000)]

Other Threads:
  0x000001f3b40cbaa0 VMThread "VM Thread" [stack: 0x000000d347700000,0x000000d347800000] [id=11908]
  0x000001f3b4cc6c70 WatcherThread [stack: 0x000000d348200000,0x000000d348300000] [id=14840]
  0x000001f39697ab50 GCTaskThread "GC Thread#0" [stack: 0x000000d347200000,0x000000d347300000] [id=572]
  0x000001f3b542aa10 GCTaskThread "GC Thread#1" [stack: 0x000000d348500000,0x000000d348600000] [id=14440]
  0x000001f3b50fa980 GCTaskThread "GC Thread#2" [stack: 0x000000d348600000,0x000000d348700000] [id=11556]
  0x000001f3b56b2050 GCTaskThread "GC Thread#3" [stack: 0x000000d348700000,0x000000d348800000] [id=12496]
  0x000001f39698bdc0 ConcurrentGCThread "G1 Main Marker" [stack: 0x000000d347300000,0x000000d347400000] [id=17360]
  0x000001f39698de90 ConcurrentGCThread "G1 Conc#0" [stack: 0x000000d347400000,0x000000d347500000] [id=14620]
  0x000001f3b3f90090 ConcurrentGCThread "G1 Refine#0" [stack: 0x000000d347500000,0x000000d347600000] [id=472]
  0x000001f3b56b2300 ConcurrentGCThread "G1 Refine#1" [stack: 0x000000d348800000,0x000000d348900000] [id=4568]
  0x000001f3b3f909c0 ConcurrentGCThread "G1 Service" [stack: 0x000000d347600000,0x000000d347700000] [id=7720]

Threads with active compile tasks:
C2 CompilerThread0   137142 4983       4       org.springframework.boot.devtools.filewatch.FileSnapshot::equals (110 bytes)

VM state: not at safepoint (normal execution)

VM Mutex/Monitor currently owned by a thread: None

Heap address: 0x0000000081c00000, size: 2020 MB, Compressed Oops mode: 32-bit

CDS archive(s) mapped at: [0x0000000800000000-0x0000000800bc0000-0x0000000800bc0000), size 12320768, SharedBaseAddress: 0x0000000800000000, ArchiveRelocationMode: 0.
Compressed class space mapped at: 0x0000000800c00000-0x0000000840c00000, reserved size: 1073741824
Narrow klass base: 0x0000000800000000, Narrow klass shift: 0, Narrow klass range: 0x100000000

GC Precious Log:
 CPUs: 4 total, 4 available
 Memory: 8078M
 Large Page Support: Disabled
 NUMA Support: Disabled
 Compressed Oops: Enabled (32-bit)
 Heap Region Size: 1M
 Heap Min Capacity: 8M
 Heap Initial Capacity: 128M
 Heap Max Capacity: 2020M
 Pre-touch: Disabled
 Parallel Workers: 4
 Concurrent Workers: 1
 Concurrent Refinement Workers: 4
 Periodic GC: Disabled

Heap:
 garbage-first heap   total 61440K, used 38145K [0x0000000081c00000, 0x0000000100000000)
  region size 1024K, 20 young (20480K), 4 survivors (4096K)
 Metaspace       used 55956K, committed 56384K, reserved 1097728K
  class space    used 7546K, committed 7744K, reserved 1048576K

Heap Regions: E=young(eden), S=young(survivor), O=old, HS=humongous(starts), HC=humongous(continues), CS=collection set, F=free, OA=open archive, CA=closed archive, TAMS=top-at-mark-start (previous, next)
|   0|0x0000000081c00000, 0x0000000081d00000, 0x0000000081d00000|100%|HS|  |TAMS 0x0000000081d00000, 0x0000000081c00000| Complete 
|   1|0x0000000081d00000, 0x0000000081e00000, 0x0000000081e00000|100%| O|  |TAMS 0x0000000081e00000, 0x0000000081d00000| Untracked 
|   2|0x0000000081e00000, 0x0000000081f00000, 0x0000000081f00000|100%| O|  |TAMS 0x0000000081f00000, 0x0000000081e00000| Untracked 
|   3|0x0000000081f00000, 0x0000000082000000, 0x0000000082000000|100%| O|  |TAMS 0x0000000082000000, 0x0000000081f00000| Untracked 
|   4|0x0000000082000000, 0x0000000082100000, 0x0000000082100000|100%| O|  |TAMS 0x0000000082100000, 0x0000000082000000| Untracked 
|   5|0x0000000082100000, 0x0000000082200000, 0x0000000082200000|100%| O|  |TAMS 0x0000000082100000, 0x0000000082100000| Untracked 
|   6|0x0000000082200000, 0x0000000082300000, 0x0000000082300000|100%| O|  |TAMS 0x0000000082300000, 0x0000000082200000| Untracked 
|   7|0x0000000082300000, 0x0000000082400000, 0x0000000082400000|100%| O|  |TAMS 0x0000000082400000, 0x0000000082300000| Untracked 
|   8|0x0000000082400000, 0x0000000082500000, 0x0000000082500000|100%| O|  |TAMS 0x0000000082500000, 0x0000000082400000| Untracked 
|   9|0x0000000082500000, 0x0000000082600000, 0x0000000082600000|100%| O|  |TAMS 0x0000000082500000, 0x0000000082500000| Untracked 
|  10|0x0000000082600000, 0x0000000082700000, 0x0000000082700000|100%| O|  |TAMS 0x0000000082600000, 0x0000000082600000| Untracked 
|  11|0x0000000082700000, 0x0000000082800000, 0x0000000082800000|100%| O|  |TAMS 0x0000000082700000, 0x0000000082700000| Untracked 
|  12|0x0000000082800000, 0x0000000082900000, 0x0000000082900000|100%| O|  |TAMS 0x0000000082800000, 0x0000000082800000| Untracked 
|  13|0x0000000082900000, 0x0000000082a00000, 0x0000000082a00000|100%| O|  |TAMS 0x0000000082a00000, 0x0000000082900000| Untracked 
|  14|0x0000000082a00000, 0x0000000082b00000, 0x0000000082b00000|100%| O|  |TAMS 0x0000000082b00000, 0x0000000082a00000| Untracked 
|  15|0x0000000082b00000, 0x0000000082c00000, 0x0000000082c00000|100%| O|  |TAMS 0x0000000082c00000, 0x0000000082b00000| Untracked 
|  16|0x0000000082c00000, 0x0000000082d00000, 0x0000000082d00000|100%| O|  |TAMS 0x0000000082d00000, 0x0000000082c00000| Untracked 
|  17|0x0000000082d00000, 0x0000000082e00000, 0x0000000082e00000|100%| O|  |TAMS 0x0000000082d91000, 0x0000000082d00000| Untracked 
|  18|0x0000000082e00000, 0x0000000082e40400, 0x0000000082f00000| 25%| O|  |TAMS 0x0000000082e00000, 0x0000000082e00000| Untracked 
|  19|0x0000000082f00000, 0x0000000082f00000, 0x0000000083000000|  0%| F|  |TAMS 0x0000000082f00000, 0x0000000082f00000| Untracked 
|  20|0x0000000083000000, 0x0000000083000000, 0x0000000083100000|  0%| F|  |TAMS 0x0000000083000000, 0x0000000083000000| Untracked 
|  21|0x0000000083100000, 0x0000000083100000, 0x0000000083200000|  0%| F|  |TAMS 0x0000000083100000, 0x0000000083100000| Untracked 
|  22|0x0000000083200000, 0x0000000083200000, 0x0000000083300000|  0%| F|  |TAMS 0x0000000083200000, 0x0000000083200000| Untracked 
|  23|0x0000000083300000, 0x0000000083300000, 0x0000000083400000|  0%| F|  |TAMS 0x0000000083300000, 0x0000000083300000| Untracked 
|  24|0x0000000083400000, 0x0000000083500000, 0x0000000083500000|100%| S|CS|TAMS 0x0000000083400000, 0x0000000083400000| Complete 
|  25|0x0000000083500000, 0x0000000083600000, 0x0000000083600000|100%| S|CS|TAMS 0x0000000083500000, 0x0000000083500000| Complete 
|  26|0x0000000083600000, 0x0000000083600000, 0x0000000083700000|  0%| F|  |TAMS 0x0000000083600000, 0x0000000083600000| Untracked 
|  27|0x0000000083700000, 0x0000000083700000, 0x0000000083800000|  0%| F|  |TAMS 0x0000000083700000, 0x0000000083700000| Untracked 
|  28|0x0000000083800000, 0x0000000083800000, 0x0000000083900000|  0%| F|  |TAMS 0x0000000083800000, 0x0000000083800000| Untracked 
|  29|0x0000000083900000, 0x0000000083900000, 0x0000000083a00000|  0%| F|  |TAMS 0x0000000083900000, 0x0000000083900000| Untracked 
|  30|0x0000000083a00000, 0x0000000083a00000, 0x0000000083b00000|  0%| F|  |TAMS 0x0000000083a00000, 0x0000000083a00000| Untracked 
|  31|0x0000000083b00000, 0x0000000083c00000, 0x0000000083c00000|100%| S|CS|TAMS 0x0000000083b00000, 0x0000000083b00000| Complete 
|  32|0x0000000083c00000, 0x0000000083d00000, 0x0000000083d00000|100%| S|CS|TAMS 0x0000000083c00000, 0x0000000083c00000| Complete 
|  33|0x0000000083d00000, 0x0000000083d00000, 0x0000000083e00000|  0%| F|  |TAMS 0x0000000083d00000, 0x0000000083d00000| Untracked 
|  34|0x0000000083e00000, 0x0000000083e00000, 0x0000000083f00000|  0%| F|  |TAMS 0x0000000083e00000, 0x0000000083e00000| Untracked 
|  35|0x0000000083f00000, 0x0000000083f00000, 0x0000000084000000|  0%| F|  |TAMS 0x0000000083f00000, 0x0000000083f00000| Untracked 
|  36|0x0000000084000000, 0x0000000084000000, 0x0000000084100000|  0%| F|  |TAMS 0x0000000084000000, 0x0000000084000000| Untracked 
|  37|0x0000000084100000, 0x0000000084100000, 0x0000000084200000|  0%| F|  |TAMS 0x0000000084100000, 0x0000000084100000| Untracked 
|  38|0x0000000084200000, 0x0000000084200000, 0x0000000084300000|  0%| F|  |TAMS 0x0000000084200000, 0x0000000084200000| Untracked 
|  39|0x0000000084300000, 0x0000000084300000, 0x0000000084400000|  0%| F|  |TAMS 0x0000000084300000, 0x0000000084300000| Untracked 
|  40|0x0000000084400000, 0x0000000084400000, 0x0000000084500000|  0%| F|  |TAMS 0x0000000084400000, 0x0000000084400000| Untracked 
|  41|0x0000000084500000, 0x0000000084500000, 0x0000000084600000|  0%| F|  |TAMS 0x0000000084500000, 0x0000000084500000| Untracked 
|  42|0x0000000084600000, 0x0000000084600000, 0x0000000084700000|  0%| F|  |TAMS 0x0000000084600000, 0x0000000084600000| Untracked 
|  43|0x0000000084700000, 0x0000000084762478, 0x0000000084800000| 38%| E|  |TAMS 0x0000000084700000, 0x0000000084700000| Complete 
|  44|0x0000000084800000, 0x0000000084900000, 0x0000000084900000|100%| E|CS|TAMS 0x0000000084800000, 0x0000000084800000| Complete 
|  45|0x0000000084900000, 0x0000000084a00000, 0x0000000084a00000|100%| E|CS|TAMS 0x0000000084900000, 0x0000000084900000| Complete 
|  46|0x0000000084a00000, 0x0000000084b00000, 0x0000000084b00000|100%| E|CS|TAMS 0x0000000084a00000, 0x0000000084a00000| Complete 
|  47|0x0000000084b00000, 0x0000000084c00000, 0x0000000084c00000|100%| E|CS|TAMS 0x0000000084b00000, 0x0000000084b00000| Complete 
|  48|0x0000000084c00000, 0x0000000084d00000, 0x0000000084d00000|100%| E|CS|TAMS 0x0000000084c00000, 0x0000000084c00000| Complete 
|  49|0x0000000084d00000, 0x0000000084e00000, 0x0000000084e00000|100%| E|CS|TAMS 0x0000000084d00000, 0x0000000084d00000| Complete 
|  50|0x0000000084e00000, 0x0000000084f00000, 0x0000000084f00000|100%| E|CS|TAMS 0x0000000084e00000, 0x0000000084e00000| Complete 
|  51|0x0000000084f00000, 0x0000000085000000, 0x0000000085000000|100%| E|  |TAMS 0x0000000084f00000, 0x0000000084f00000| Complete 
|  70|0x0000000086200000, 0x0000000086300000, 0x0000000086300000|100%| E|CS|TAMS 0x0000000086200000, 0x0000000086200000| Complete 
|  71|0x0000000086300000, 0x0000000086400000, 0x0000000086400000|100%| E|CS|TAMS 0x0000000086300000, 0x0000000086300000| Complete 
|  72|0x0000000086400000, 0x0000000086500000, 0x0000000086500000|100%| E|CS|TAMS 0x0000000086400000, 0x0000000086400000| Complete 
|  73|0x0000000086500000, 0x0000000086600000, 0x0000000086600000|100%| E|CS|TAMS 0x0000000086500000, 0x0000000086500000| Complete 
|  74|0x0000000086600000, 0x0000000086700000, 0x0000000086700000|100%| E|CS|TAMS 0x0000000086600000, 0x0000000086600000| Complete 
|  75|0x0000000086700000, 0x0000000086800000, 0x0000000086800000|100%| E|CS|TAMS 0x0000000086700000, 0x0000000086700000| Complete 
| 127|0x0000000089b00000, 0x0000000089c00000, 0x0000000089c00000|100%| E|CS|TAMS 0x0000000089b00000, 0x0000000089b00000| Complete 
|2019|0x00000000fff00000, 0x0000000100000000, 0x0000000100000000|100%| O|  |TAMS 0x0000000100000000, 0x00000000fff00000| Untracked 

Card table byte_map: [0x000001f3ad530000,0x000001f3ad930000] _byte_map_base: 0x000001f3ad122000

Marking Bits (Prev, Next): (CMBitMap*) 0x000001f39697b070, (CMBitMap*) 0x000001f39697b0b0
 Prev Bits: [0x000001f3add30000, 0x000001f3afcc0000)
 Next Bits: [0x000001f3afcc0000, 0x000001f3b1c50000)

Polling page: 0x000001f394880000

Metaspace:

Usage:
  Non-class:     47.27 MB used.
      Class:      7.37 MB used.
       Both:     54.64 MB used.

Virtual space:
  Non-class space:       48.00 MB reserved,      47.50 MB ( 99%) committed,  6 nodes.
      Class space:        1.00 GB reserved,       7.56 MB ( <1%) committed,  1 nodes.
             Both:        1.05 GB reserved,      55.06 MB (  5%) committed. 

Chunk freelists:
   Non-Class:  240.00 KB
       Class:  288.00 KB
        Both:  528.00 KB

MaxMetaspaceSize: unlimited
CompressedClassSpaceSize: 1.00 GB
Initial GC threshold: 21.00 MB
Current GC threshold: 59.31 MB
CDS: on
MetaspaceReclaimPolicy: balanced
 - commit_granule_bytes: 65536.
 - commit_granule_words: 8192.
 - virtual_space_node_default_size: 1048576.
 - enlarge_chunks_in_place: 1.
 - new_chunks_are_fully_committed: 0.
 - uncommit_free_chunks: 1.
 - use_allocation_guard: 0.
 - handle_deallocations: 1.


Internal statistics:

num_allocs_failed_limit: 6.
num_arena_births: 414.
num_arena_deaths: 0.
num_vsnodes_births: 7.
num_vsnodes_deaths: 0.
num_space_committed: 881.
num_space_uncommitted: 0.
num_chunks_returned_to_freelist: 6.
num_chunks_taken_from_freelist: 2444.
num_chunk_merges: 6.
num_chunk_splits: 1735.
num_chunks_enlarged: 1402.
num_purges: 0.
num_inconsistent_stats: 0.

CodeHeap 'non-profiled nmethods': size=120000Kb used=2511Kb max_used=3123Kb free=117488Kb
 bounds [0x000001f3a5c00000, 0x000001f3a5f10000, 0x000001f3ad130000]
CodeHeap 'profiled nmethods': size=120000Kb used=7970Kb max_used=10194Kb free=112029Kb
 bounds [0x000001f39e6d0000, 0x000001f39f0d0000, 0x000001f3a5c00000]
CodeHeap 'non-nmethods': size=5760Kb used=1276Kb max_used=1357Kb free=4483Kb
 bounds [0x000001f39e130000, 0x000001f39e3a0000, 0x000001f39e6d0000]
 total_blobs=4803 nmethods=4207 adapters=508
 compilation: enabled
              stopped_count=0, restarted_count=0
 full_count=0

Compilation events (20 events):
Event: 129.368 Thread 0x000001f3b40fe2c0 nmethod 4973 0x000001f3a5dbe910 code [0x000001f3a5dbeaa0, 0x000001f3a5dbeb58]
Event: 130.368 Thread 0x000001f3b40fe2c0 4974   !   3       org.apache.tomcat.util.net.NioEndpoint$Poller::events (282 bytes)
Event: 130.369 Thread 0x000001f3b40fe2c0 nmethod 4974 0x000001f39e837a90 code [0x000001f39e837e40, 0x000001f39e839958]
Event: 130.369 Thread 0x000001f3b40fe2c0 4975  s    3       org.apache.tomcat.util.collections.SynchronizedQueue::size (23 bytes)
Event: 130.369 Thread 0x000001f3b40fe2c0 nmethod 4975 0x000001f39ea43b90 code [0x000001f39ea43d20, 0x000001f39ea43f38]
Event: 130.777 Thread 0x000001f3b40fbcf0 4976       4       jdk.internal.misc.Unsafe::weakCompareAndSetInt (11 bytes)
Event: 130.777 Thread 0x000001f3b40fbcf0 nmethod 4976 0x000001f3a5edfd10 code [0x000001f3a5edfe80, 0x000001f3a5edff18]
Event: 132.777 Thread 0x000001f3b40fe2c0 4977       3       java.util.concurrent.locks.LockSupport::parkNanos (29 bytes)
Event: 132.777 Thread 0x000001f3b40fe2c0 nmethod 4977 0x000001f39f00cf10 code [0x000001f39f00d0e0, 0x000001f39f00d2e8]
Event: 133.895 Thread 0x000001f3b40fe2c0 4978       3       java.util.EventObject::<init> (24 bytes)
Event: 133.895 Thread 0x000001f3b40fe2c0 nmethod 4978 0x000001f39e9d8890 code [0x000001f39e9d8a40, 0x000001f39e9d8d08]
Event: 135.344 Thread 0x000001f3b40fbcf0 4979       4       java.io.File::<init> (78 bytes)
Event: 135.346 Thread 0x000001f3b40fbcf0 nmethod 4979 0x000001f3a5c9eb10 code [0x000001f3a5c9eca0, 0x000001f3a5c9eec8]
Event: 135.370 Thread 0x000001f3b40fe2c0 4980       1       org.apache.tomcat.util.net.SocketProperties::getTimeoutInterval (5 bytes)
Event: 135.370 Thread 0x000001f3b40fe2c0 nmethod 4980 0x000001f3a5c9e790 code [0x000001f3a5c9e920, 0x000001f3a5c9e9f8]
Event: 135.750 Thread 0x000001f3b40fe2c0 4981       3       org.springframework.boot.devtools.filewatch.FileSystemWatcher$Watcher::isDifferent (105 bytes)
Event: 135.750 Thread 0x000001f3b40fe2c0 nmethod 4981 0x000001f39e7ba290 code [0x000001f39e7ba520, 0x000001f39e7bb2e8]
Event: 135.750 Thread 0x000001f3b40fe2c0 4982       3       org.springframework.boot.devtools.filewatch.DirectorySnapshot::equals (46 bytes)
Event: 135.750 Thread 0x000001f3b40fe2c0 nmethod 4982 0x000001f39e7e2410 code [0x000001f39e7e2620, 0x000001f39e7e2d58]
Event: 136.756 Thread 0x000001f3b40fbcf0 4983       4       org.springframework.boot.devtools.filewatch.FileSnapshot::equals (110 bytes)

GC Heap History (20 events):
Event: 2.350 GC heap before
{Heap before GC invocations=4 (full 0):
 garbage-first heap   total 131072K, used 60896K [0x0000000081c00000, 0x0000000100000000)
  region size 1024K, 56 young (57344K), 4 survivors (4096K)
 Metaspace       used 21309K, committed 21504K, reserved 1073152K
  class space    used 2709K, committed 2816K, reserved 1048576K
}
Event: 2.357 GC heap after
{Heap after GC invocations=5 (full 0):
 garbage-first heap   total 131072K, used 11792K [0x0000000081c00000, 0x0000000100000000)
  region size 1024K, 6 young (6144K), 6 survivors (6144K)
 Metaspace       used 21309K, committed 21504K, reserved 1073152K
  class space    used 2709K, committed 2816K, reserved 1048576K
}
Event: 3.027 GC heap before
{Heap before GC invocations=6 (full 0):
 garbage-first heap   total 45056K, used 36368K [0x0000000081c00000, 0x0000000100000000)
  region size 1024K, 31 young (31744K), 6 survivors (6144K)
 Metaspace       used 25667K, committed 25920K, reserved 1073152K
  class space    used 3394K, committed 3520K, reserved 1048576K
}
Event: 3.035 GC heap after
{Heap after GC invocations=7 (full 0):
 garbage-first heap   total 47104K, used 14285K [0x0000000081c00000, 0x0000000100000000)
  region size 1024K, 5 young (5120K), 5 survivors (5120K)
 Metaspace       used 25667K, committed 25920K, reserved 1073152K
  class space    used 3394K, committed 3520K, reserved 1048576K
}
Event: 3.059 GC heap before
{Heap before GC invocations=7 (full 0):
 garbage-first heap   total 47104K, used 15309K [0x0000000081c00000, 0x0000000100000000)
  region size 1024K, 6 young (6144K), 5 survivors (5120K)
 Metaspace       used 25733K, committed 25984K, reserved 1073152K
  class space    used 3402K, committed 3520K, reserved 1048576K
}
Event: 3.065 GC heap after
{Heap after GC invocations=8 (full 0):
 garbage-first heap   total 61440K, used 14814K [0x0000000081c00000, 0x0000000100000000)
  region size 1024K, 1 young (1024K), 1 survivors (1024K)
 Metaspace       used 25733K, committed 25984K, reserved 1073152K
  class space    used 3402K, committed 3520K, reserved 1048576K
}
Event: 3.385 GC heap before
{Heap before GC invocations=8 (full 0):
 garbage-first heap   total 61440K, used 44510K [0x0000000081c00000, 0x0000000100000000)
  region size 1024K, 31 young (31744K), 1 survivors (1024K)
 Metaspace       used 27908K, committed 28224K, reserved 1081344K
  class space    used 3634K, committed 3776K, reserved 1048576K
}
Event: 3.386 GC heap after
{Heap after GC invocations=9 (full 0):
 garbage-first heap   total 61440K, used 15038K [0x0000000081c00000, 0x0000000100000000)
  region size 1024K, 2 young (2048K), 2 survivors (2048K)
 Metaspace       used 27908K, committed 28224K, reserved 1081344K
  class space    used 3634K, committed 3776K, reserved 1048576K
}
Event: 3.539 GC heap before
{Heap before GC invocations=9 (full 0):
 garbage-first heap   total 61440K, used 44734K [0x0000000081c00000, 0x0000000100000000)
  region size 1024K, 32 young (32768K), 2 survivors (2048K)
 Metaspace       used 28614K, committed 28928K, reserved 1081344K
  class space    used 3695K, committed 3840K, reserved 1048576K
}
Event: 3.543 GC heap after
{Heap after GC invocations=10 (full 0):
 garbage-first heap   total 61440K, used 15431K [0x0000000081c00000, 0x0000000100000000)
  region size 1024K, 2 young (2048K), 2 survivors (2048K)
 Metaspace       used 28614K, committed 28928K, reserved 1081344K
  class space    used 3695K, committed 3840K, reserved 1048576K
}
Event: 3.635 GC heap before
{Heap before GC invocations=10 (full 0):
 garbage-first heap   total 61440K, used 46151K [0x0000000081c00000, 0x0000000100000000)
  region size 1024K, 33 young (33792K), 2 survivors (2048K)
 Metaspace       used 28792K, committed 29120K, reserved 1081344K
  class space    used 3711K, committed 3840K, reserved 1048576K
}
Event: 3.637 GC heap after
{Heap after GC invocations=11 (full 0):
 garbage-first heap   total 61440K, used 15488K [0x0000000081c00000, 0x0000000100000000)
  region size 1024K, 2 young (2048K), 2 survivors (2048K)
 Metaspace       used 28792K, committed 29120K, reserved 1081344K
  class space    used 3711K, committed 3840K, reserved 1048576K
}
Event: 4.452 GC heap before
{Heap before GC invocations=11 (full 0):
 garbage-first heap   total 61440K, used 44160K [0x0000000081c00000, 0x0000000100000000)
  region size 1024K, 31 young (31744K), 2 survivors (2048K)
 Metaspace       used 35857K, committed 36160K, reserved 1081344K
  class space    used 4817K, committed 4992K, reserved 1048576K
}
Event: 4.457 GC heap after
{Heap after GC invocations=12 (full 0):
 garbage-first heap   total 61440K, used 17057K [0x0000000081c00000, 0x0000000100000000)
  region size 1024K, 4 young (4096K), 4 survivors (4096K)
 Metaspace       used 35857K, committed 36160K, reserved 1081344K
  class space    used 4817K, committed 4992K, reserved 1048576K
}
Event: 5.424 GC heap before
{Heap before GC invocations=13 (full 0):
 garbage-first heap   total 61440K, used 47777K [0x0000000081c00000, 0x0000000100000000)
  region size 1024K, 34 young (34816K), 4 survivors (4096K)
 Metaspace       used 44175K, committed 44544K, reserved 1089536K
  class space    used 6031K, committed 6208K, reserved 1048576K
}
Event: 5.429 GC heap after
{Heap after GC invocations=14 (full 0):
 garbage-first heap   total 61440K, used 19536K [0x0000000081c00000, 0x0000000100000000)
  region size 1024K, 5 young (5120K), 5 survivors (5120K)
 Metaspace       used 44175K, committed 44544K, reserved 1089536K
  class space    used 6031K, committed 6208K, reserved 1048576K
}
Event: 6.169 GC heap before
{Heap before GC invocations=14 (full 0):
 garbage-first heap   total 61440K, used 48208K [0x0000000081c00000, 0x0000000100000000)
  region size 1024K, 33 young (33792K), 5 survivors (5120K)
 Metaspace       used 48387K, committed 48704K, reserved 1097728K
  class space    used 6596K, committed 6784K, reserved 1048576K
}
Event: 6.176 GC heap after
{Heap after GC invocations=15 (full 0):
 garbage-first heap   total 61440K, used 21650K [0x0000000081c00000, 0x0000000100000000)
  region size 1024K, 5 young (5120K), 5 survivors (5120K)
 Metaspace       used 48387K, committed 48704K, reserved 1097728K
  class space    used 6596K, committed 6784K, reserved 1048576K
}
Event: 21.599 GC heap before
{Heap before GC invocations=15 (full 0):
 garbage-first heap   total 61440K, used 47250K [0x0000000081c00000, 0x0000000100000000)
  region size 1024K, 31 young (31744K), 5 survivors (5120K)
 Metaspace       used 52358K, committed 52736K, reserved 1097728K
  class space    used 7125K, committed 7296K, reserved 1048576K
}
Event: 21.607 GC heap after
{Heap after GC invocations=16 (full 0):
 garbage-first heap   total 61440K, used 23809K [0x0000000081c00000, 0x0000000100000000)
  region size 1024K, 4 young (4096K), 4 survivors (4096K)
 Metaspace       used 52358K, committed 52736K, reserved 1097728K
  class space    used 7125K, committed 7296K, reserved 1048576K
}

Deoptimization events (20 events):
Event: 21.791 Thread 0x000001f3b823fe20 Uncommon trap: trap_request=0xffffff45 fr.pc=0x000001f3a5d98d18 relative=0x0000000000000518
Event: 21.791 Thread 0x000001f3b823fe20 Uncommon trap: reason=unstable_if action=reinterpret pc=0x000001f3a5d98d18 method=java.util.Properties.load0(Ljava/util/Properties$LineReader;)V @ 79 c2
Event: 21.791 Thread 0x000001f3b823fe20 DEOPT PACKING pc=0x000001f3a5d98d18 sp=0x000000d3484fce60
Event: 21.791 Thread 0x000001f3b823fe20 DEOPT UNPACKING pc=0x000001f39e1823a3 sp=0x000000d3484fce08 mode 2
Event: 21.791 Thread 0x000001f3b823fe20 Uncommon trap: trap_request=0xffffff45 fr.pc=0x000001f3a5d8b3e8 relative=0x0000000000000508
Event: 21.791 Thread 0x000001f3b823fe20 Uncommon trap: reason=unstable_if action=reinterpret pc=0x000001f3a5d8b3e8 method=java.util.Properties.load0(Ljava/util/Properties$LineReader;)V @ 79 c2
Event: 21.791 Thread 0x000001f3b823fe20 DEOPT PACKING pc=0x000001f3a5d8b3e8 sp=0x000000d3484fce60
Event: 21.791 Thread 0x000001f3b823fe20 DEOPT UNPACKING pc=0x000001f39e1823a3 sp=0x000000d3484fce08 mode 2
Event: 27.781 Thread 0x000001f3b823c930 Uncommon trap: trap_request=0xffffff45 fr.pc=0x000001f3a5edffcc relative=0x000000000000012c
Event: 27.781 Thread 0x000001f3b823c930 Uncommon trap: reason=unstable_if action=reinterpret pc=0x000001f3a5edffcc method=java.util.HashMap.getNode(Ljava/lang/Object;)Ljava/util/HashMap$Node; @ 66 c2
Event: 27.781 Thread 0x000001f3b823c930 DEOPT PACKING pc=0x000001f3a5edffcc sp=0x000000d3489fc720
Event: 27.781 Thread 0x000001f3b823c930 DEOPT UNPACKING pc=0x000001f39e1823a3 sp=0x000000d3489fc628 mode 2
Event: 27.817 Thread 0x000001f3b823c930 Uncommon trap: trap_request=0xffffff45 fr.pc=0x000001f3a5d97d10 relative=0x0000000000000270
Event: 27.817 Thread 0x000001f3b823c930 Uncommon trap: reason=unstable_if action=reinterpret pc=0x000001f3a5d97d10 method=java.util.StringTokenizer.scanToken(I)I @ 96 c2
Event: 27.817 Thread 0x000001f3b823c930 DEOPT PACKING pc=0x000001f3a5d97d10 sp=0x000000d3489f9520
Event: 27.817 Thread 0x000001f3b823c930 DEOPT UNPACKING pc=0x000001f39e1823a3 sp=0x000000d3489f94c0 mode 2
Event: 27.981 Thread 0x000001f3b823c930 Uncommon trap: trap_request=0xffffff45 fr.pc=0x000001f3a5cdbcdc relative=0x000000000000005c
Event: 27.981 Thread 0x000001f3b823c930 Uncommon trap: reason=unstable_if action=reinterpret pc=0x000001f3a5cdbcdc method=java.util.Objects.equals(Ljava/lang/Object;Ljava/lang/Object;)Z @ 6 c2
Event: 27.981 Thread 0x000001f3b823c930 DEOPT PACKING pc=0x000001f3a5cdbcdc sp=0x000000d3489fcaf0
Event: 27.981 Thread 0x000001f3b823c930 DEOPT UNPACKING pc=0x000001f39e1823a3 sp=0x000000d3489fca90 mode 2

Classes unloaded (0 events):
No events

Classes redefined (0 events):
No events

Internal exceptions (20 events):
Event: 6.309 Thread 0x000001f3b40f0160 Exception <a 'java/lang/ClassNotFoundException'{0x0000000086576e90}: org/springframework/web/servlet/config/annotation/DelegatingWebMvcConfigurationCustomizer> (0x0000000086576e90) 
thrown [t:\workspace\open\src\hotspot\share\classfile\systemDictionary.cpp, line 256]
Event: 6.310 Thread 0x000001f3b40f0160 Exception <a 'java/lang/ClassNotFoundException'{0x0000000086580168}: org/springframework/boot/autoconfigure/web/servlet/WebMvcAutoConfiguration$EnableWebMvcConfigurationCustomizer> (0x0000000086580168) 
thrown [t:\workspace\open\src\hotspot\share\classfile\systemDictionary.cpp, line 256]
Event: 6.311 Thread 0x000001f3b40f0160 Exception <a 'java/lang/ClassNotFoundException'{0x00000000865934f8}: org/springframework/context/ResourceLoaderAwareCustomizer> (0x00000000865934f8) 
thrown [t:\workspace\open\src\hotspot\share\classfile\systemDictionary.cpp, line 256]
Event: 6.311 Thread 0x000001f3b40f0160 Exception <a 'java/lang/ClassNotFoundException'{0x00000000865980c0}: org/springframework/beans/factory/AwareCustomizer> (0x00000000865980c0) 
thrown [t:\workspace\open\src\hotspot\share\classfile\systemDictionary.cpp, line 256]
Event: 6.311 Thread 0x000001f3b40f0160 Exception <a 'java/lang/ClassNotFoundException'{0x000000008659c0c8}: org/springframework/context/ApplicationContextAwareCustomizer> (0x000000008659c0c8) 
thrown [t:\workspace\open\src\hotspot\share\classfile\systemDictionary.cpp, line 256]
Event: 6.312 Thread 0x000001f3b40f0160 Exception <a 'java/lang/ClassNotFoundException'{0x00000000865a1780}: org/springframework/beans/factory/AwareCustomizer> (0x00000000865a1780) 
thrown [t:\workspace\open\src\hotspot\share\classfile\systemDictionary.cpp, line 256]
Event: 6.312 Thread 0x000001f3b40f0160 Exception <a 'java/lang/ClassNotFoundException'{0x00000000865a5760}: org/springframework/web/context/ServletContextAwareCustomizer> (0x00000000865a5760) 
thrown [t:\workspace\open\src\hotspot\share\classfile\systemDictionary.cpp, line 256]
Event: 6.313 Thread 0x000001f3b40f0160 Exception <a 'java/lang/ClassNotFoundException'{0x00000000865aa760}: org/springframework/beans/factory/AwareCustomizer> (0x00000000865aa760) 
thrown [t:\workspace\open\src\hotspot\share\classfile\systemDictionary.cpp, line 256]
Event: 6.472 Thread 0x000001f3b40f0160 Exception <a 'java/lang/NoSuchMethodError'{0x0000000084deac18}: 'void java.lang.invoke.DirectMethodHandle$Holder.invokeVirtual(java.lang.Object, java.lang.Object, int)'> (0x0000000084deac18) 
thrown [t:\workspace\open\src\hotspot\share\interpreter\linkResolver.cpp, line 766]
Event: 6.474 Thread 0x000001f3b40f0160 Exception <a 'java/lang/NoSuchMethodError'{0x0000000084c05f48}: 'void java.lang.invoke.DirectMethodHandle$Holder.invokeVirtual(java.lang.Object, java.lang.Object, long)'> (0x0000000084c05f48) 
thrown [t:\workspace\open\src\hotspot\share\interpreter\linkResolver.cpp, line 766]
Event: 6.607 Thread 0x000001f3b40f0160 Exception <a 'java/lang/IncompatibleClassChangeError'{0x00000000847753a0}: Found class java.lang.Object, but interface was expected> (0x00000000847753a0) 
thrown [t:\workspace\open\src\hotspot\share\interpreter\linkResolver.cpp, line 833]
Event: 6.648 Thread 0x000001f3b40f0160 Exception <a 'java/lang/NoSuchMethodError'{0x00000000846e5fe0}: 'int java.lang.invoke.DirectMethodHandle$Holder.invokeStaticInit(java.lang.Object, java.lang.Object, java.lang.Object, java.lang.Object)'> (0x00000000846e5fe0) 
thrown [t:\workspace\open\src\hotspot\share\interpreter\linkResolver.cpp, line 766]
Event: 6.678 Thread 0x000001f3b40f0160 Implicit null exception at 0x000001f3a5d413e0 to 0x000001f3a5d41630
Event: 6.751 Thread 0x000001f3b40f0160 Exception <a 'java/lang/NoSuchMethodError'{0x00000000841ebfe0}: 'java.lang.Object java.lang.invoke.DirectMethodHandle$Holder.invokeSpecial(java.lang.Object, java.lang.Object, int, java.lang.Object, int, java.lang.Object)'> (0x00000000841ebfe0) 
thrown [t:\workspace\open\src\hotspot\share\interpreter\linkResolver.cpp, line 766]
Event: 6.752 Thread 0x000001f3b40f0160 Exception <a 'java/lang/NoSuchMethodError'{0x00000000841f4088}: 'java.lang.Object java.lang.invoke.DirectMethodHandle$Holder.newInvokeSpecial(java.lang.Object, java.lang.Object, int, java.lang.Object, int)'> (0x00000000841f4088) 
thrown [t:\workspace\open\src\hotspot\share\interpreter\linkResolver.cpp, line 766]
Event: 6.752 Thread 0x000001f3b40f0160 Exception <a 'java/lang/NoSuchMethodError'{0x00000000841f8188}: 'java.lang.Object java.lang.invoke.DirectMethodHandle$Holder.invokeSpecial(java.lang.Object, java.lang.Object, java.lang.Object, int, java.lang.Object, int)'> (0x00000000841f8188) 
thrown [t:\workspace\open\src\hotspot\share\interpreter\linkResolver.cpp, line 766]
Event: 6.753 Thread 0x000001f3b40f0160 Exception <a 'java/lang/NoSuchMethodError'{0x0000000084002168}: 'void java.lang.invoke.DirectMethodHandle$Holder.invokeVirtual(java.lang.Object, java.lang.Object)'> (0x0000000084002168) 
thrown [t:\workspace\open\src\hotspot\share\interpreter\linkResolver.cpp, line 766]
Event: 21.670 Thread 0x000001f3b823fe20 Exception <a 'java/lang/NoSuchMethodError'{0x00000000867afb78}: 'java.lang.Object java.lang.invoke.DirectMethodHandle$Holder.invokeStatic(java.lang.Object, int, int)'> (0x00000000867afb78) 
thrown [t:\workspace\open\src\hotspot\share\interpreter\linkResolver.cpp, line 766]
Event: 21.788 Thread 0x000001f3b823fe20 Exception <a 'java/lang/NoSuchMethodError'{0x00000000865577f0}: 'java.lang.Object java.lang.invoke.DirectMethodHandle$Holder.invokeStaticInit(java.lang.Object, int)'> (0x00000000865577f0) 
thrown [t:\workspace\open\src\hotspot\share\interpreter\linkResolver.cpp, line 766]
Event: 27.967 Thread 0x000001f3b823c930 Exception <a 'java/lang/NoSuchMethodError'{0x0000000084d2acd0}: 'java.lang.Object java.lang.invoke.DirectMethodHandle$Holder.invokeStaticInit(java.lang.Object, java.lang.Object, java.lang.Object, java.lang.Object, java.lang.Object, java.lang.Object)'> (0x0000000084d2acd0) 
thrown [t:\workspace\open\src\hotspot\share\interpreter\linkResolver.cpp, line 766]

VM Operations (20 events):
Event: 27.988 Executing VM operation: HandshakeAllThreads
Event: 27.988 Executing VM operation: HandshakeAllThreads done
Event: 27.988 Executing VM operation: HandshakeAllThreads
Event: 27.988 Executing VM operation: HandshakeAllThreads done
Event: 28.013 Executing VM operation: HandshakeAllThreads
Event: 28.013 Executing VM operation: HandshakeAllThreads done
Event: 28.027 Executing VM operation: HandshakeAllThreads
Event: 28.028 Executing VM operation: HandshakeAllThreads done
Event: 29.027 Executing VM operation: Cleanup
Event: 29.028 Executing VM operation: Cleanup done
Event: 38.031 Executing VM operation: Cleanup
Event: 38.031 Executing VM operation: Cleanup done
Event: 39.032 Executing VM operation: Cleanup
Event: 39.032 Executing VM operation: Cleanup done
Event: 44.034 Executing VM operation: Cleanup
Event: 44.034 Executing VM operation: Cleanup done
Event: 56.039 Executing VM operation: Cleanup
Event: 56.039 Executing VM operation: Cleanup done
Event: 72.047 Executing VM operation: Cleanup
Event: 72.047 Executing VM operation: Cleanup done

Events (20 events):
Event: 28.033 Thread 0x000001f3b4110bd0 flushing nmethod 0x000001f39ef48410
Event: 28.033 Thread 0x000001f3b4110bd0 flushing nmethod 0x000001f39ef52410
Event: 28.033 Thread 0x000001f3b4110bd0 flushing nmethod 0x000001f39ef53b10
Event: 28.033 Thread 0x000001f3b4110bd0 flushing nmethod 0x000001f39ef67590
Event: 28.033 Thread 0x000001f3b4110bd0 flushing nmethod 0x000001f39efbfc90
Event: 28.033 Thread 0x000001f3b4110bd0 flushing nmethod 0x000001f39efd4a90
Event: 28.033 Thread 0x000001f3b4110bd0 flushing nmethod 0x000001f39f00cf10
Event: 28.033 Thread 0x000001f3b4110bd0 flushing nmethod 0x000001f39f01d210
Event: 28.033 Thread 0x000001f3b4110bd0 flushing nmethod 0x000001f39f03b110
Event: 28.033 Thread 0x000001f3b4110bd0 flushing nmethod 0x000001f39f03fe90
Event: 28.033 Thread 0x000001f3b4110bd0 flushing nmethod 0x000001f39f04b690
Event: 28.034 Thread 0x000001f3b4110bd0 flushing nmethod 0x000001f39f051110
Event: 28.034 Thread 0x000001f3b4110bd0 flushing nmethod 0x000001f39f060510
Event: 28.034 Thread 0x000001f3b4110bd0 flushing nmethod 0x000001f39f06c010
Event: 28.034 Thread 0x000001f3b4110bd0 flushing nmethod 0x000001f39f091610
Event: 33.040 Thread 0x000001f3b5775390 Thread exited: 0x000001f3b5775390
Event: 43.239 Thread 0x000001f3b823e140 Thread added: 0x000001f3b823e140
Event: 82.309 Thread 0x000001f3b82402f0 Thread added: 0x000001f3b82402f0
Event: 88.318 Thread 0x000001f3b8240c90 Thread added: 0x000001f3b8240c90
Event: 103.327 Thread 0x000001f3b823ce00 Thread added: 0x000001f3b823ce00


Dynamic libraries:
0x00007ff7db890000 - 0x00007ff7db8a0000 	C:\Program Files\Java\jdk-17\bin\javaw.exe
0x00007ffe2b840000 - 0x00007ffe2ba30000 	C:\WINDOWS\SYSTEM32\ntdll.dll
0x00007ffe29d80000 - 0x00007ffe29e32000 	C:\WINDOWS\System32\KERNEL32.DLL
0x00007ffe29380000 - 0x00007ffe29623000 	C:\WINDOWS\System32\KERNELBASE.dll
0x00007ffe288e0000 - 0x00007ffe289da000 	C:\WINDOWS\System32\ucrtbase.dll
0x00007ffe22c80000 - 0x00007ffe22c9a000 	C:\Program Files\Java\jdk-17\bin\VCRUNTIME140.dll
0x00007ffe1f710000 - 0x00007ffe1f728000 	C:\Program Files\Java\jdk-17\bin\jli.dll
0x00007ffe2b480000 - 0x00007ffe2b523000 	C:\WINDOWS\System32\ADVAPI32.dll
0x00007ffe298f0000 - 0x00007ffe2998e000 	C:\WINDOWS\System32\msvcrt.dll
0x00007ffe29ab0000 - 0x00007ffe29b47000 	C:\WINDOWS\System32\sechost.dll
0x00007ffe29990000 - 0x00007ffe29ab0000 	C:\WINDOWS\System32\RPCRT4.dll
0x00007ffe2a2b0000 - 0x00007ffe2a444000 	C:\WINDOWS\System32\USER32.dll
0x00007ffe296d0000 - 0x00007ffe296f1000 	C:\WINDOWS\System32\win32u.dll
0x00007ffe16870000 - 0x00007ffe16af5000 	C:\WINDOWS\WinSxS\amd64_microsoft.windows.common-controls_6595b64144ccf1df_6.0.18362.592_none_e6c0b1911312be02\COMCTL32.dll
0x00007ffe2b450000 - 0x00007ffe2b476000 	C:\WINDOWS\System32\GDI32.dll
0x00007ffe29f10000 - 0x00007ffe2a246000 	C:\WINDOWS\System32\combase.dll
0x00007ffe29700000 - 0x00007ffe29894000 	C:\WINDOWS\System32\gdi32full.dll
0x00007ffe289e0000 - 0x00007ffe28a60000 	C:\WINDOWS\System32\bcryptPrimitives.dll
0x00007ffe29630000 - 0x00007ffe296ce000 	C:\WINDOWS\System32\msvcp_win.dll
0x00007ffe228a0000 - 0x00007ffe228aa000 	C:\WINDOWS\SYSTEM32\VERSION.dll
0x00007ffe2a9e0000 - 0x00007ffe2aa0e000 	C:\WINDOWS\System32\IMM32.DLL
0x00007ffe1f700000 - 0x00007ffe1f70c000 	C:\Program Files\Java\jdk-17\bin\vcruntime140_1.dll
0x00007ffe0ea70000 - 0x00007ffe0eafd000 	C:\Program Files\Java\jdk-17\bin\msvcp140.dll
0x00007ffdf5850000 - 0x00007ffdf640e000 	C:\Program Files\Java\jdk-17\bin\server\jvm.dll
0x00007ffe2a450000 - 0x00007ffe2a458000 	C:\WINDOWS\System32\PSAPI.DLL
0x00007ffe26090000 - 0x00007ffe260b4000 	C:\WINDOWS\SYSTEM32\WINMM.dll
0x00007ffe15ae0000 - 0x00007ffe15ae9000 	C:\WINDOWS\SYSTEM32\WSOCK32.dll
0x00007ffe2a4e0000 - 0x00007ffe2a54f000 	C:\WINDOWS\System32\WS2_32.dll
0x00007ffe26050000 - 0x00007ffe2607d000 	C:\WINDOWS\SYSTEM32\WINMMBASE.dll
0x00007ffe29330000 - 0x00007ffe2937a000 	C:\WINDOWS\System32\cfgmgr32.dll
0x00007ffe28740000 - 0x00007ffe28751000 	C:\WINDOWS\System32\kernel.appcore.dll
0x00007ffe1f6f0000 - 0x00007ffe1f6fa000 	C:\Program Files\Java\jdk-17\bin\jimage.dll
0x00007ffe26ea0000 - 0x00007ffe27094000 	C:\WINDOWS\SYSTEM32\DBGHELP.DLL
0x00007ffe13570000 - 0x00007ffe1359a000 	C:\WINDOWS\SYSTEM32\dbgcore.DLL
0x00007ffe0f630000 - 0x00007ffe0f655000 	C:\Program Files\Java\jdk-17\bin\java.dll
0x00007ffe044b0000 - 0x00007ffe04586000 	C:\Program Files\Java\jdk-17\bin\svml.dll
0x00007ffe2aac0000 - 0x00007ffe2b1a5000 	C:\WINDOWS\System32\SHELL32.dll
0x00007ffe2aa10000 - 0x00007ffe2aab9000 	C:\WINDOWS\System32\shcore.dll
0x00007ffe28bb0000 - 0x00007ffe2932f000 	C:\WINDOWS\System32\windows.storage.dll
0x00007ffe287b0000 - 0x00007ffe287cf000 	C:\WINDOWS\System32\profapi.dll
0x00007ffe28760000 - 0x00007ffe287aa000 	C:\WINDOWS\System32\powrprof.dll
0x00007ffe28710000 - 0x00007ffe28720000 	C:\WINDOWS\System32\UMPDC.dll
0x00007ffe2b7a0000 - 0x00007ffe2b7f2000 	C:\WINDOWS\System32\shlwapi.dll
0x00007ffe298d0000 - 0x00007ffe298e7000 	C:\WINDOWS\System32\cryptsp.dll
0x00007ffe0f4e0000 - 0x00007ffe0f4f9000 	C:\Program Files\Java\jdk-17\bin\net.dll
0x00007ffe1a720000 - 0x00007ffe1a810000 	C:\WINDOWS\SYSTEM32\WINHTTP.dll
0x00007ffe27f80000 - 0x00007ffe27fe7000 	C:\WINDOWS\system32\mswsock.dll
0x00007ffe0f4c0000 - 0x00007ffe0f4d5000 	C:\Program Files\Java\jdk-17\bin\nio.dll
0x00007ffe181f0000 - 0x00007ffe18208000 	C:\Program Files\Java\jdk-17\bin\zip.dll
0x00007ffe15690000 - 0x00007ffe156a0000 	C:\Program Files\Java\jdk-17\bin\verify.dll
0x00007ffe181e0000 - 0x00007ffe181e9000 	C:\Program Files\Java\jdk-17\bin\management.dll
0x00007ffe181d0000 - 0x00007ffe181db000 	C:\Program Files\Java\jdk-17\bin\management_ext.dll
0x00007ffe223f0000 - 0x00007ffe22406000 	C:\WINDOWS\system32\napinsp.dll
0x00007ffe21720000 - 0x00007ffe2173a000 	C:\WINDOWS\system32\pnrpnsp.dll
0x00007ffe27cd0000 - 0x00007ffe27d9a000 	C:\WINDOWS\SYSTEM32\DNSAPI.dll
0x00007ffe2a460000 - 0x00007ffe2a468000 	C:\WINDOWS\System32\NSI.dll
0x00007ffe27c90000 - 0x00007ffe27cca000 	C:\WINDOWS\SYSTEM32\IPHLPAPI.DLL
0x00007ffe22cd0000 - 0x00007ffe22cde000 	C:\WINDOWS\System32\winrnr.dll
0x00007ffe24790000 - 0x00007ffe247ac000 	C:\WINDOWS\system32\NLAapi.dll
0x00007ffe23510000 - 0x00007ffe23525000 	C:\WINDOWS\system32\wshbth.dll
0x00007ffe1a580000 - 0x00007ffe1a58a000 	C:\Windows\System32\rasadhlp.dll
0x00007ffe1bb90000 - 0x00007ffe1bc07000 	C:\WINDOWS\System32\fwpuclnt.dll
0x00007ffe298a0000 - 0x00007ffe298c6000 	C:\WINDOWS\System32\bcrypt.dll
0x00007ffe27af0000 - 0x00007ffe27b23000 	C:\WINDOWS\system32\rsaenh.dll
0x00007ffe28600000 - 0x00007ffe28625000 	C:\WINDOWS\SYSTEM32\USERENV.dll
0x00007ffe28150000 - 0x00007ffe2815c000 	C:\WINDOWS\SYSTEM32\CRYPTBASE.dll
0x00007ffe22ac0000 - 0x00007ffe22ad6000 	C:\WINDOWS\SYSTEM32\dhcpcsvc6.DLL
0x00007ffe228b0000 - 0x00007ffe228cc000 	C:\WINDOWS\SYSTEM32\dhcpcsvc.DLL
0x00007ffe23500000 - 0x00007ffe2350e000 	C:\Program Files\Java\jdk-17\bin\sunmscapi.dll
0x00007ffe28a60000 - 0x00007ffe28ba9000 	C:\WINDOWS\System32\CRYPT32.dll
0x00007ffe28720000 - 0x00007ffe28732000 	C:\WINDOWS\System32\MSASN1.dll
0x00007ffe28270000 - 0x00007ffe28296000 	C:\WINDOWS\SYSTEM32\ncrypt.dll
0x00007ffe28230000 - 0x00007ffe2826b000 	C:\WINDOWS\SYSTEM32\NTASN1.dll
0x00007ffe234f0000 - 0x00007ffe234f7000 	C:\WINDOWS\system32\wshunix.dll

dbghelp: loaded successfully - version: 4.0.5 - missing functions: none
symbol engine: initialized successfully - sym options: 0x614 - pdb path: .;C:\Program Files\Java\jdk-17\bin;C:\WINDOWS\SYSTEM32;C:\WINDOWS\WinSxS\amd64_microsoft.windows.common-controls_6595b64144ccf1df_6.0.18362.592_none_e6c0b1911312be02;C:\Program Files\Java\jdk-17\bin\server

VM Arguments:
jvm_args: -Dfile.encoding=UTF-8 -XX:+ShowCodeDetailsInExceptionMessages 
java_command: cafe.axolotlcafe.AxolotlcafeApplication
java_class_path (initial): C:\javacamp\axolotlcafe\target\classes;C:\Users\asus\.m2\repository\org\springframework\boot\spring-boot-starter-data-jpa\2.6.1\spring-boot-starter-data-jpa-2.6.1.jar;C:\Users\asus\.m2\repository\org\springframework\boot\spring-boot-starter-aop\2.6.1\spring-boot-starter-aop-2.6.1.jar;C:\Users\asus\.m2\repository\org\springframework\spring-aop\5.3.13\spring-aop-5.3.13.jar;C:\Users\asus\.m2\repository\org\aspectj\aspectjweaver\1.9.7\aspectjweaver-1.9.7.jar;C:\Users\asus\.m2\repository\org\springframework\boot\spring-boot-starter-jdbc\2.6.1\spring-boot-starter-jdbc-2.6.1.jar;C:\Users\asus\.m2\repository\com\zaxxer\HikariCP\4.0.3\HikariCP-4.0.3.jar;C:\Users\asus\.m2\repository\org\springframework\spring-jdbc\5.3.13\spring-jdbc-5.3.13.jar;C:\Users\asus\.m2\repository\jakarta\transaction\jakarta.transaction-api\1.3.3\jakarta.transaction-api-1.3.3.jar;C:\Users\asus\.m2\repository\jakarta\persistence\jakarta.persistence-api\2.2.3\jakarta.persistence-api-2.2.3.jar;C:\Users\asus\.m2\repository\org\hibernate\hibernate-core\5.6.1.Final\hibernate-core-5.6.1.Final.jar;C:\Users\asus\.m2\repository\org\jboss\logging\jboss-logging\3.4.2.Final\jboss-logging-3.4.2.Final.jar;C:\Users\asus\.m2\repository\net\bytebuddy\byte-buddy\1.11.22\byte-buddy-1.11.22.jar;C:\Users\asus\.m2\repository\antlr\antlr\2.7.7\antlr-2.7.7.jar;C:\Users\asus\.m2\repository\org\jboss\jandex\2.2.3.Final\jandex-2.2.3.Final.jar;C:\Users\asus\.m2\repository\com\fasterxml\classmate\1.5.1\classmate-1.5.1.jar;C:\Users\asus\.m2\repository\org\hibernate\common\hibernate-commons-annotations\5.1.2.Final\hibernate-commons-annotations-5.1.2.Final.jar;C:\Users\asus\.m2\repository\org\glassfish\jaxb\jaxb-runtime\2.3.5\jaxb-runtime-2.3.5.jar;C:\Users\asus\.m2\repository\org\glassfish\jaxb\txw2\2.3.5\txw2-2.3.5.jar;C:\Users\asus\.m2\repository\com\sun\istack\istack-commons-runtime\3.0.12\istack-commons-runtime-3.0.12.jar;C:\Users\asus\.m2\repository\com\sun\activation\jakarta.activation\1.2.2\jakart
Launcher Type: SUN_STANDARD

[Global flags]
     intx CICompilerCount                          = 3                                         {product} {ergonomic}
     uint ConcGCThreads                            = 1                                         {product} {ergonomic}
     uint G1ConcRefinementThreads                  = 4                                         {product} {ergonomic}
   size_t G1HeapRegionSize                         = 1048576                                   {product} {ergonomic}
    uintx GCDrainStackTargetSize                   = 64                                        {product} {ergonomic}
   size_t InitialHeapSize                          = 134217728                                 {product} {ergonomic}
   size_t MarkStackSize                            = 4194304                                   {product} {ergonomic}
   size_t MaxHeapSize                              = 2118123520                                {product} {ergonomic}
   size_t MaxNewSize                               = 1270874112                                {product} {ergonomic}
   size_t MinHeapDeltaBytes                        = 1048576                                   {product} {ergonomic}
   size_t MinHeapSize                              = 8388608                                   {product} {ergonomic}
    uintx NonNMethodCodeHeapSize                   = 5832780                                {pd product} {ergonomic}
    uintx NonProfiledCodeHeapSize                  = 122912730                              {pd product} {ergonomic}
    uintx ProfiledCodeHeapSize                     = 122912730                              {pd product} {ergonomic}
    uintx ReservedCodeCacheSize                    = 251658240                              {pd product} {ergonomic}
     bool SegmentedCodeCache                       = true                                      {product} {ergonomic}
     bool ShowCodeDetailsInExceptionMessages       = true                                   {manageable} {command line}
   size_t SoftMaxHeapSize                          = 2118123520                             {manageable} {ergonomic}
     bool UseCompressedClassPointers               = true                           {product lp64_product} {ergonomic}
     bool UseCompressedOops                        = true                           {product lp64_product} {ergonomic}
     bool UseG1GC                                  = true                                      {product} {ergonomic}
     bool UseLargePagesIndividualAllocation        = false                                  {pd product} {ergonomic}

Logging:
Log output configuration:
 #0: stdout all=warning uptime,level,tags
 #1: stderr all=off uptime,level,tags

Environment Variables:
PATH=C:\Program Files (x86)\VMware\VMware Player\bin\;C:\Program Files\Common Files\Oracle\Java\javapath;C:\Program Files (x86)\Common Files\Oracle\Java\javapath;C:\Program Files (x86)\Intel\iCLS Client\;C:\Program Files\Intel\iCLS Client\;C:\Windows\system32;C:\Windows;C:\Windows\System32\Wbem;C:\Windows\System32\WindowsPowerShell\v1.0\;C:\Program Files (x86)\NVIDIA Corporation\PhysX\Common;C:\Program Files (x86)\Intel\Intel(R) Management Engine Components\DAL;C:\Program Files\Intel\Intel(R) Management Engine Components\DAL;C:\Program Files (x86)\Intel\Intel(R) Management Engine Components\IPT;C:\Program Files\Intel\Intel(R) Management Engine Components\IPT;C:\WINDOWS\system32;C:\WINDOWS;C:\WINDOWS\System32\Wbem;C:\WINDOWS\System32\WindowsPowerShell\v1.0\;C:\WINDOWS\System32\OpenSSH\;c:\Program Files (x86)\Microsoft SQL Server\100\Tools\Binn\;c:\Program Files\Microsoft SQL Server\100\Tools\Binn\;c:\Program Files\Microsoft SQL Server\100\DTS\Binn\;C:\Users\asus\AppData\Local\Programs\Python\Python39;C:\Users\asus\AppData\Local\Programs\Python\Python39\Scripts;C:\Program Files\Microsoft SQL Server\130\Tools\Binn\;C:\opencv\opencv\build\x64\vc11\bin;C:\opencv\opencv\build\x64\vc11\lib;C:\Program Files\nodejs\;C:\Users\asus\anaconda3;C:\Users\asus\anaconda3\Library\mingw-w64\bin;C:\Users\asus\anaconda3\Library\usr\bin;C:\Users\asus\anaconda3\Library\bin;C:\Users\asus\anaconda3\Scripts;C:\Users\asus\AppData\Local\Microsoft\WindowsApps;C:\Users\asus\AppData\Local\Programs\Microsoft VS Code\bin;C:\Users\asus\AppData\Roaming\npm
USERNAME=asus
OS=Windows_NT
PROCESSOR_IDENTIFIER=Intel64 Family 6 Model 142 Stepping 9, GenuineIntel



---------------  S Y S T E M  ---------------

OS:
 Windows 10 , 64 bit Build 18362 (10.0.18362.329)
OS uptime: 4 days 3:33 hours

CPU: total 4 (initial active 4) (2 cores per cpu, 2 threads per core) family 6 model 142 stepping 9 microcode 0xb4, cx8, cmov, fxsr, ht, mmx, 3dnowpref, sse, sse2, sse3, ssse3, sse4.1, sse4.2, popcnt, lzcnt, tsc, tscinvbit, avx, avx2, aes, erms, clmul, bmi1, bmi2, adx, fma, vzeroupper, clflush, clflushopt

Memory: 4k page, system-wide physical 8078M (744M free)
TotalPageFile size 8078M (AvailPageFile size 63M)
current process WorkingSet (physical memory assigned to process): 198M, peak: 256M
current process commit charge ("private bytes"): 229M, peak: 288M

vm_info: Java HotSpot(TM) 64-Bit Server VM (17+35-LTS-2724) for windows-amd64 JRE (17+35-LTS-2724), built on Aug  5 2021 23:28:28 by "mach5one" with MS VC++ 16.8 (VS2019)

END.
